<?xml version="1.0" encoding="UTF-8"?>
<testsuite xmlns:xsi="http://www.w3.org/2001/XMLSchema-instance" xsi:noNamespaceSchemaLocation="https://maven.apache.org/surefire/maven-surefire-plugin/xsd/surefire-test-report-3.0.xsd" version="3.0" name="com.deity.location.LocationApplicationTests" time="7.28" tests="1" errors="0" skipped="0" failures="0">
  <properties>
    <property name="java.specification.version" value="17"/>
    <property name="sun.jnu.encoding" value="UTF-8"/>
    <property name="java.class.path" value="/home/rizzoli/Documentos/intellijIDEA/exercises/location/target/test-classes:/home/rizzoli/Documentos/intellijIDEA/exercises/location/target/classes:/home/rizzoli/.m2/repository/org/springdoc/springdoc-openapi-starter-webflux-ui/2.2.0/springdoc-openapi-starter-webflux-ui-2.2.0.jar:/home/rizzoli/.m2/repository/org/springdoc/springdoc-openapi-starter-webflux-api/2.2.0/springdoc-openapi-starter-webflux-api-2.2.0.jar:/home/rizzoli/.m2/repository/org/springdoc/springdoc-openapi-starter-common/2.2.0/springdoc-openapi-starter-common-2.2.0.jar:/home/rizzoli/.m2/repository/io/swagger/core/v3/swagger-core-jakarta/2.2.15/swagger-core-jakarta-2.2.15.jar:/home/rizzoli/.m2/repository/org/apache/commons/commons-lang3/3.14.0/commons-lang3-3.14.0.jar:/home/rizzoli/.m2/repository/io/swagger/core/v3/swagger-annotations-jakarta/2.2.15/swagger-annotations-jakarta-2.2.15.jar:/home/rizzoli/.m2/repository/io/swagger/core/v3/swagger-models-jakarta/2.2.15/swagger-models-jakarta-2.2.15.jar:/home/rizzoli/.m2/repository/jakarta/validation/jakarta.validation-api/3.0.2/jakarta.validation-api-3.0.2.jar:/home/rizzoli/.m2/repository/com/fasterxml/jackson/dataformat/jackson-dataformat-yaml/2.17.2/jackson-dataformat-yaml-2.17.2.jar:/home/rizzoli/.m2/repository/org/webjars/swagger-ui/5.2.0/swagger-ui-5.2.0.jar:/home/rizzoli/.m2/repository/io/swagger/core/v3/swagger-annotations/2.2.15/swagger-annotations-2.2.15.jar:/home/rizzoli/.m2/repository/io/github/cdimascio/dotenv-java/3.0.0/dotenv-java-3.0.0.jar:/home/rizzoli/.m2/repository/org/springframework/boot/spring-boot-starter-webflux/3.3.5/spring-boot-starter-webflux-3.3.5.jar:/home/rizzoli/.m2/repository/org/springframework/boot/spring-boot-starter/3.3.5/spring-boot-starter-3.3.5.jar:/home/rizzoli/.m2/repository/org/springframework/boot/spring-boot-starter-logging/3.3.5/spring-boot-starter-logging-3.3.5.jar:/home/rizzoli/.m2/repository/ch/qos/logback/logback-classic/1.5.11/logback-classic-1.5.11.jar:/home/rizzoli/.m2/repository/ch/qos/logback/logback-core/1.5.11/logback-core-1.5.11.jar:/home/rizzoli/.m2/repository/org/apache/logging/log4j/log4j-to-slf4j/2.23.1/log4j-to-slf4j-2.23.1.jar:/home/rizzoli/.m2/repository/org/apache/logging/log4j/log4j-api/2.23.1/log4j-api-2.23.1.jar:/home/rizzoli/.m2/repository/org/slf4j/jul-to-slf4j/2.0.16/jul-to-slf4j-2.0.16.jar:/home/rizzoli/.m2/repository/jakarta/annotation/jakarta.annotation-api/2.1.1/jakarta.annotation-api-2.1.1.jar:/home/rizzoli/.m2/repository/org/yaml/snakeyaml/2.2/snakeyaml-2.2.jar:/home/rizzoli/.m2/repository/org/springframework/boot/spring-boot-starter-json/3.3.5/spring-boot-starter-json-3.3.5.jar:/home/rizzoli/.m2/repository/com/fasterxml/jackson/core/jackson-databind/2.17.2/jackson-databind-2.17.2.jar:/home/rizzoli/.m2/repository/com/fasterxml/jackson/core/jackson-annotations/2.17.2/jackson-annotations-2.17.2.jar:/home/rizzoli/.m2/repository/com/fasterxml/jackson/datatype/jackson-datatype-jdk8/2.17.2/jackson-datatype-jdk8-2.17.2.jar:/home/rizzoli/.m2/repository/com/fasterxml/jackson/datatype/jackson-datatype-jsr310/2.17.2/jackson-datatype-jsr310-2.17.2.jar:/home/rizzoli/.m2/repository/com/fasterxml/jackson/module/jackson-module-parameter-names/2.17.2/jackson-module-parameter-names-2.17.2.jar:/home/rizzoli/.m2/repository/org/springframework/boot/spring-boot-starter-reactor-netty/3.3.5/spring-boot-starter-reactor-netty-3.3.5.jar:/home/rizzoli/.m2/repository/io/projectreactor/netty/reactor-netty-http/1.1.23/reactor-netty-http-1.1.23.jar:/home/rizzoli/.m2/repository/io/netty/netty-codec-http/4.1.114.Final/netty-codec-http-4.1.114.Final.jar:/home/rizzoli/.m2/repository/io/netty/netty-common/4.1.114.Final/netty-common-4.1.114.Final.jar:/home/rizzoli/.m2/repository/io/netty/netty-buffer/4.1.114.Final/netty-buffer-4.1.114.Final.jar:/home/rizzoli/.m2/repository/io/netty/netty-transport/4.1.114.Final/netty-transport-4.1.114.Final.jar:/home/rizzoli/.m2/repository/io/netty/netty-codec/4.1.114.Final/netty-codec-4.1.114.Final.jar:/home/rizzoli/.m2/repository/io/netty/netty-handler/4.1.114.Final/netty-handler-4.1.114.Final.jar:/home/rizzoli/.m2/repository/io/netty/netty-codec-http2/4.1.114.Final/netty-codec-http2-4.1.114.Final.jar:/home/rizzoli/.m2/repository/io/netty/netty-resolver-dns/4.1.114.Final/netty-resolver-dns-4.1.114.Final.jar:/home/rizzoli/.m2/repository/io/netty/netty-resolver/4.1.114.Final/netty-resolver-4.1.114.Final.jar:/home/rizzoli/.m2/repository/io/netty/netty-codec-dns/4.1.114.Final/netty-codec-dns-4.1.114.Final.jar:/home/rizzoli/.m2/repository/io/netty/netty-resolver-dns-native-macos/4.1.114.Final/netty-resolver-dns-native-macos-4.1.114.Final-osx-x86_64.jar:/home/rizzoli/.m2/repository/io/netty/netty-resolver-dns-classes-macos/4.1.114.Final/netty-resolver-dns-classes-macos-4.1.114.Final.jar:/home/rizzoli/.m2/repository/io/netty/netty-transport-native-epoll/4.1.114.Final/netty-transport-native-epoll-4.1.114.Final-linux-x86_64.jar:/home/rizzoli/.m2/repository/io/netty/netty-transport-native-unix-common/4.1.114.Final/netty-transport-native-unix-common-4.1.114.Final.jar:/home/rizzoli/.m2/repository/io/netty/netty-transport-classes-epoll/4.1.114.Final/netty-transport-classes-epoll-4.1.114.Final.jar:/home/rizzoli/.m2/repository/io/projectreactor/netty/reactor-netty-core/1.1.23/reactor-netty-core-1.1.23.jar:/home/rizzoli/.m2/repository/io/netty/netty-handler-proxy/4.1.114.Final/netty-handler-proxy-4.1.114.Final.jar:/home/rizzoli/.m2/repository/io/netty/netty-codec-socks/4.1.114.Final/netty-codec-socks-4.1.114.Final.jar:/home/rizzoli/.m2/repository/org/springframework/spring-web/6.1.14/spring-web-6.1.14.jar:/home/rizzoli/.m2/repository/org/springframework/spring-beans/6.1.14/spring-beans-6.1.14.jar:/home/rizzoli/.m2/repository/io/micrometer/micrometer-observation/1.13.6/micrometer-observation-1.13.6.jar:/home/rizzoli/.m2/repository/io/micrometer/micrometer-commons/1.13.6/micrometer-commons-1.13.6.jar:/home/rizzoli/.m2/repository/org/springframework/spring-webflux/6.1.14/spring-webflux-6.1.14.jar:/home/rizzoli/.m2/repository/org/springframework/boot/spring-boot-starter-data-mongodb-reactive/3.4.1/spring-boot-starter-data-mongodb-reactive-3.4.1.jar:/home/rizzoli/.m2/repository/io/projectreactor/reactor-core/3.6.11/reactor-core-3.6.11.jar:/home/rizzoli/.m2/repository/org/reactivestreams/reactive-streams/1.0.4/reactive-streams-1.0.4.jar:/home/rizzoli/.m2/repository/org/mongodb/mongodb-driver-reactivestreams/5.0.1/mongodb-driver-reactivestreams-5.0.1.jar:/home/rizzoli/.m2/repository/org/mongodb/bson/5.0.1/bson-5.0.1.jar:/home/rizzoli/.m2/repository/org/mongodb/mongodb-driver-core/5.0.1/mongodb-driver-core-5.0.1.jar:/home/rizzoli/.m2/repository/org/mongodb/bson-record-codec/5.0.1/bson-record-codec-5.0.1.jar:/home/rizzoli/.m2/repository/org/springframework/data/spring-data-mongodb/4.3.5/spring-data-mongodb-4.3.5.jar:/home/rizzoli/.m2/repository/org/springframework/spring-tx/6.1.14/spring-tx-6.1.14.jar:/home/rizzoli/.m2/repository/org/springframework/spring-context/6.1.14/spring-context-6.1.14.jar:/home/rizzoli/.m2/repository/org/springframework/spring-aop/6.1.14/spring-aop-6.1.14.jar:/home/rizzoli/.m2/repository/org/springframework/spring-expression/6.1.14/spring-expression-6.1.14.jar:/home/rizzoli/.m2/repository/org/springframework/data/spring-data-commons/3.3.5/spring-data-commons-3.3.5.jar:/home/rizzoli/.m2/repository/org/springframework/boot/spring-boot-devtools/3.3.5/spring-boot-devtools-3.3.5.jar:/home/rizzoli/.m2/repository/org/springframework/boot/spring-boot/3.3.5/spring-boot-3.3.5.jar:/home/rizzoli/.m2/repository/org/springframework/boot/spring-boot-autoconfigure/3.3.5/spring-boot-autoconfigure-3.3.5.jar:/home/rizzoli/.m2/repository/org/projectlombok/lombok/1.18.24/lombok-1.18.24.jar:/home/rizzoli/.m2/repository/com/google/cloud/google-cloud-storage/2.44.1/google-cloud-storage-2.44.1.jar:/home/rizzoli/.m2/repository/com/google/guava/guava/33.3.1-jre/guava-33.3.1-jre.jar:/home/rizzoli/.m2/repository/com/google/guava/failureaccess/1.0.2/failureaccess-1.0.2.jar:/home/rizzoli/.m2/repository/com/google/guava/listenablefuture/9999.0-empty-to-avoid-conflict-with-guava/listenablefuture-9999.0-empty-to-avoid-conflict-with-guava.jar:/home/rizzoli/.m2/repository/com/google/errorprone/error_prone_annotations/2.35.1/error_prone_annotations-2.35.1.jar:/home/rizzoli/.m2/repository/com/google/j2objc/j2objc-annotations/3.0.0/j2objc-annotations-3.0.0.jar:/home/rizzoli/.m2/repository/com/google/http-client/google-http-client/1.45.0/google-http-client-1.45.0.jar:/home/rizzoli/.m2/repository/io/grpc/grpc-context/1.67.1/grpc-context-1.67.1.jar:/home/rizzoli/.m2/repository/io/opencensus/opencensus-contrib-http-util/0.31.1/opencensus-contrib-http-util-0.31.1.jar:/home/rizzoli/.m2/repository/com/google/http-client/google-http-client-jackson2/1.45.0/google-http-client-jackson2-1.45.0.jar:/home/rizzoli/.m2/repository/com/google/http-client/google-http-client-gson/1.45.0/google-http-client-gson-1.45.0.jar:/home/rizzoli/.m2/repository/com/google/api-client/google-api-client/2.7.0/google-api-client-2.7.0.jar:/home/rizzoli/.m2/repository/commons-codec/commons-codec/1.16.1/commons-codec-1.16.1.jar:/home/rizzoli/.m2/repository/com/google/oauth-client/google-oauth-client/1.36.0/google-oauth-client-1.36.0.jar:/home/rizzoli/.m2/repository/com/google/http-client/google-http-client-apache-v2/1.45.0/google-http-client-apache-v2-1.45.0.jar:/home/rizzoli/.m2/repository/com/google/apis/google-api-services-storage/v1-rev20241008-2.0.0/google-api-services-storage-v1-rev20241008-2.0.0.jar:/home/rizzoli/.m2/repository/com/google/code/gson/gson/2.10.1/gson-2.10.1.jar:/home/rizzoli/.m2/repository/com/google/cloud/google-cloud-core/2.47.0/google-cloud-core-2.47.0.jar:/home/rizzoli/.m2/repository/com/google/auto/value/auto-value-annotations/1.11.0/auto-value-annotations-1.11.0.jar:/home/rizzoli/.m2/repository/com/google/cloud/google-cloud-core-http/2.47.0/google-cloud-core-http-2.47.0.jar:/home/rizzoli/.m2/repository/com/google/http-client/google-http-client-appengine/1.45.0/google-http-client-appengine-1.45.0.jar:/home/rizzoli/.m2/repository/com/google/api/gax-httpjson/2.57.0/gax-httpjson-2.57.0.jar:/home/rizzoli/.m2/repository/com/google/cloud/google-cloud-core-grpc/2.47.0/google-cloud-core-grpc-2.47.0.jar:/home/rizzoli/.m2/repository/com/google/api/gax/2.57.0/gax-2.57.0.jar:/home/rizzoli/.m2/repository/com/google/api/gax-grpc/2.57.0/gax-grpc-2.57.0.jar:/home/rizzoli/.m2/repository/io/grpc/grpc-inprocess/1.67.1/grpc-inprocess-1.67.1.jar:/home/rizzoli/.m2/repository/io/grpc/grpc-alts/1.67.1/grpc-alts-1.67.1.jar:/home/rizzoli/.m2/repository/io/grpc/grpc-grpclb/1.67.1/grpc-grpclb-1.67.1.jar:/home/rizzoli/.m2/repository/org/conscrypt/conscrypt-openjdk-uber/2.5.2/conscrypt-openjdk-uber-2.5.2.jar:/home/rizzoli/.m2/repository/io/grpc/grpc-auth/1.67.1/grpc-auth-1.67.1.jar:/home/rizzoli/.m2/repository/com/google/auth/google-auth-library-credentials/1.29.0/google-auth-library-credentials-1.29.0.jar:/home/rizzoli/.m2/repository/com/google/api/api-common/2.40.0/api-common-2.40.0.jar:/home/rizzoli/.m2/repository/javax/annotation/javax.annotation-api/1.3.2/javax.annotation-api-1.3.2.jar:/home/rizzoli/.m2/repository/io/opencensus/opencensus-api/0.31.1/opencensus-api-0.31.1.jar:/home/rizzoli/.m2/repository/com/google/api/grpc/proto-google-iam-v1/1.43.0/proto-google-iam-v1-1.43.0.jar:/home/rizzoli/.m2/repository/com/google/protobuf/protobuf-java/3.25.5/protobuf-java-3.25.5.jar:/home/rizzoli/.m2/repository/com/google/protobuf/protobuf-java-util/3.25.5/protobuf-java-util-3.25.5.jar:/home/rizzoli/.m2/repository/io/grpc/grpc-core/1.67.1/grpc-core-1.67.1.jar:/home/rizzoli/.m2/repository/com/google/android/annotations/4.1.1.4/annotations-4.1.1.4.jar:/home/rizzoli/.m2/repository/org/codehaus/mojo/animal-sniffer-annotations/1.24/animal-sniffer-annotations-1.24.jar:/home/rizzoli/.m2/repository/io/perfmark/perfmark-api/0.27.0/perfmark-api-0.27.0.jar:/home/rizzoli/.m2/repository/io/grpc/grpc-protobuf/1.67.1/grpc-protobuf-1.67.1.jar:/home/rizzoli/.m2/repository/io/grpc/grpc-protobuf-lite/1.67.1/grpc-protobuf-lite-1.67.1.jar:/home/rizzoli/.m2/repository/com/google/api/grpc/proto-google-common-protos/2.48.0/proto-google-common-protos-2.48.0.jar:/home/rizzoli/.m2/repository/org/threeten/threetenbp/1.7.0/threetenbp-1.7.0.jar:/home/rizzoli/.m2/repository/com/google/api/grpc/proto-google-cloud-storage-v2/2.44.1-beta/proto-google-cloud-storage-v2-2.44.1-beta.jar:/home/rizzoli/.m2/repository/com/google/api/grpc/grpc-google-cloud-storage-v2/2.44.1-beta/grpc-google-cloud-storage-v2-2.44.1-beta.jar:/home/rizzoli/.m2/repository/com/google/api/grpc/gapic-google-cloud-storage-v2/2.44.1-beta/gapic-google-cloud-storage-v2-2.44.1-beta.jar:/home/rizzoli/.m2/repository/io/opentelemetry/opentelemetry-sdk/1.37.0/opentelemetry-sdk-1.37.0.jar:/home/rizzoli/.m2/repository/io/opentelemetry/opentelemetry-sdk-trace/1.37.0/opentelemetry-sdk-trace-1.37.0.jar:/home/rizzoli/.m2/repository/io/opentelemetry/opentelemetry-sdk-logs/1.37.0/opentelemetry-sdk-logs-1.37.0.jar:/home/rizzoli/.m2/repository/io/grpc/grpc-opentelemetry/1.67.1/grpc-opentelemetry-1.67.1.jar:/home/rizzoli/.m2/repository/io/opentelemetry/opentelemetry-api/1.37.0/opentelemetry-api-1.37.0.jar:/home/rizzoli/.m2/repository/io/opentelemetry/opentelemetry-context/1.37.0/opentelemetry-context-1.37.0.jar:/home/rizzoli/.m2/repository/io/opentelemetry/opentelemetry-sdk-metrics/1.37.0/opentelemetry-sdk-metrics-1.37.0.jar:/home/rizzoli/.m2/repository/io/opentelemetry/opentelemetry-api-incubator/1.42.1-alpha/opentelemetry-api-incubator-1.42.1-alpha.jar:/home/rizzoli/.m2/repository/io/opentelemetry/opentelemetry-sdk-common/1.37.0/opentelemetry-sdk-common-1.37.0.jar:/home/rizzoli/.m2/repository/io/opentelemetry/opentelemetry-sdk-extension-autoconfigure-spi/1.37.0/opentelemetry-sdk-extension-autoconfigure-spi-1.37.0.jar:/home/rizzoli/.m2/repository/io/opentelemetry/semconv/opentelemetry-semconv/1.25.0-alpha/opentelemetry-semconv-1.25.0-alpha.jar:/home/rizzoli/.m2/repository/com/google/cloud/opentelemetry/exporter-metrics/0.31.0/exporter-metrics-0.31.0.jar:/home/rizzoli/.m2/repository/org/slf4j/slf4j-api/2.0.16/slf4j-api-2.0.16.jar:/home/rizzoli/.m2/repository/com/google/cloud/google-cloud-monitoring/3.31.0/google-cloud-monitoring-3.31.0.jar:/home/rizzoli/.m2/repository/com/google/api/grpc/proto-google-cloud-monitoring-v3/3.31.0/proto-google-cloud-monitoring-v3-3.31.0.jar:/home/rizzoli/.m2/repository/io/opencensus/opencensus-proto/0.2.0/opencensus-proto-0.2.0.jar:/home/rizzoli/.m2/repository/commons-logging/commons-logging/1.2/commons-logging-1.2.jar:/home/rizzoli/.m2/repository/com/google/cloud/opentelemetry/shared-resourcemapping/0.32.0/shared-resourcemapping-0.32.0.jar:/home/rizzoli/.m2/repository/io/opentelemetry/contrib/opentelemetry-gcp-resources/1.37.0-alpha/opentelemetry-gcp-resources-1.37.0-alpha.jar:/home/rizzoli/.m2/repository/com/google/cloud/opentelemetry/detector-resources-support/0.32.0/detector-resources-support-0.32.0.jar:/home/rizzoli/.m2/repository/org/checkerframework/checker-qual/3.47.0/checker-qual-3.47.0.jar:/home/rizzoli/.m2/repository/com/fasterxml/jackson/core/jackson-core/2.17.2/jackson-core-2.17.2.jar:/home/rizzoli/.m2/repository/com/google/code/findbugs/jsr305/3.0.2/jsr305-3.0.2.jar:/home/rizzoli/.m2/repository/io/grpc/grpc-api/1.67.1/grpc-api-1.67.1.jar:/home/rizzoli/.m2/repository/io/grpc/grpc-netty-shaded/1.67.1/grpc-netty-shaded-1.67.1.jar:/home/rizzoli/.m2/repository/io/grpc/grpc-util/1.67.1/grpc-util-1.67.1.jar:/home/rizzoli/.m2/repository/io/grpc/grpc-stub/1.67.1/grpc-stub-1.67.1.jar:/home/rizzoli/.m2/repository/io/grpc/grpc-googleapis/1.67.1/grpc-googleapis-1.67.1.jar:/home/rizzoli/.m2/repository/io/grpc/grpc-xds/1.67.1/grpc-xds-1.67.1.jar:/home/rizzoli/.m2/repository/io/grpc/grpc-services/1.67.1/grpc-services-1.67.1.jar:/home/rizzoli/.m2/repository/com/google/re2j/re2j/1.7/re2j-1.7.jar:/home/rizzoli/.m2/repository/io/grpc/grpc-rls/1.67.1/grpc-rls-1.67.1.jar:/home/rizzoli/.m2/repository/com/google/auth/google-auth-library-oauth2-http/1.14.0/google-auth-library-oauth2-http-1.14.0.jar:/home/rizzoli/.m2/repository/org/springframework/boot/spring-boot-starter-test/3.3.5/spring-boot-starter-test-3.3.5.jar:/home/rizzoli/.m2/repository/org/springframework/boot/spring-boot-test/3.3.5/spring-boot-test-3.3.5.jar:/home/rizzoli/.m2/repository/org/springframework/boot/spring-boot-test-autoconfigure/3.3.5/spring-boot-test-autoconfigure-3.3.5.jar:/home/rizzoli/.m2/repository/com/jayway/jsonpath/json-path/2.9.0/json-path-2.9.0.jar:/home/rizzoli/.m2/repository/jakarta/xml/bind/jakarta.xml.bind-api/4.0.2/jakarta.xml.bind-api-4.0.2.jar:/home/rizzoli/.m2/repository/jakarta/activation/jakarta.activation-api/2.1.3/jakarta.activation-api-2.1.3.jar:/home/rizzoli/.m2/repository/net/minidev/json-smart/2.5.1/json-smart-2.5.1.jar:/home/rizzoli/.m2/repository/net/minidev/accessors-smart/2.5.1/accessors-smart-2.5.1.jar:/home/rizzoli/.m2/repository/org/ow2/asm/asm/9.6/asm-9.6.jar:/home/rizzoli/.m2/repository/org/assertj/assertj-core/3.25.3/assertj-core-3.25.3.jar:/home/rizzoli/.m2/repository/net/bytebuddy/byte-buddy/1.14.19/byte-buddy-1.14.19.jar:/home/rizzoli/.m2/repository/org/awaitility/awaitility/4.2.2/awaitility-4.2.2.jar:/home/rizzoli/.m2/repository/org/hamcrest/hamcrest/2.2/hamcrest-2.2.jar:/home/rizzoli/.m2/repository/org/junit/jupiter/junit-jupiter/5.10.5/junit-jupiter-5.10.5.jar:/home/rizzoli/.m2/repository/org/junit/jupiter/junit-jupiter-api/5.10.5/junit-jupiter-api-5.10.5.jar:/home/rizzoli/.m2/repository/org/opentest4j/opentest4j/1.3.0/opentest4j-1.3.0.jar:/home/rizzoli/.m2/repository/org/junit/platform/junit-platform-commons/1.10.5/junit-platform-commons-1.10.5.jar:/home/rizzoli/.m2/repository/org/apiguardian/apiguardian-api/1.1.2/apiguardian-api-1.1.2.jar:/home/rizzoli/.m2/repository/org/junit/jupiter/junit-jupiter-params/5.10.5/junit-jupiter-params-5.10.5.jar:/home/rizzoli/.m2/repository/org/junit/jupiter/junit-jupiter-engine/5.10.5/junit-jupiter-engine-5.10.5.jar:/home/rizzoli/.m2/repository/org/junit/platform/junit-platform-engine/1.10.5/junit-platform-engine-1.10.5.jar:/home/rizzoli/.m2/repository/org/mockito/mockito-core/5.11.0/mockito-core-5.11.0.jar:/home/rizzoli/.m2/repository/net/bytebuddy/byte-buddy-agent/1.14.19/byte-buddy-agent-1.14.19.jar:/home/rizzoli/.m2/repository/org/objenesis/objenesis/3.3/objenesis-3.3.jar:/home/rizzoli/.m2/repository/org/mockito/mockito-junit-jupiter/5.11.0/mockito-junit-jupiter-5.11.0.jar:/home/rizzoli/.m2/repository/org/skyscreamer/jsonassert/1.5.3/jsonassert-1.5.3.jar:/home/rizzoli/.m2/repository/com/vaadin/external/google/android-json/0.0.20131108.vaadin1/android-json-0.0.20131108.vaadin1.jar:/home/rizzoli/.m2/repository/org/springframework/spring-core/6.1.14/spring-core-6.1.14.jar:/home/rizzoli/.m2/repository/org/springframework/spring-jcl/6.1.14/spring-jcl-6.1.14.jar:/home/rizzoli/.m2/repository/org/springframework/spring-test/6.1.14/spring-test-6.1.14.jar:/home/rizzoli/.m2/repository/org/xmlunit/xmlunit-core/2.9.1/xmlunit-core-2.9.1.jar:/home/rizzoli/.m2/repository/io/projectreactor/reactor-test/3.6.11/reactor-test-3.6.11.jar:"/>
    <property name="java.vm.vendor" value="Azul Systems, Inc."/>
    <property name="sun.arch.data.model" value="64"/>
    <property name="java.vendor.url" value="http://www.azul.com/"/>
    <property name="user.timezone" value="America/Bogota"/>
    <property name="os.name" value="Linux"/>
    <property name="java.vm.specification.version" value="17"/>
    <property name="sun.java.launcher" value="SUN_STANDARD"/>
    <property name="user.country" value="CO"/>
    <property name="sun.boot.library.path" value="/home/rizzoli/.sdkman/candidates/java/17.0.12-zulu/lib"/>
    <property name="sun.java.command" value="/home/rizzoli/Documentos/intellijIDEA/exercises/location/target/surefire/surefirebooter-20250416195047407_3.jar /home/rizzoli/Documentos/intellijIDEA/exercises/location/target/surefire 2025-04-16T19-50-47_258-jvmRun1 surefire-20250416195047407_1tmp surefire_0-20250416195047407_2tmp"/>
    <property name="jdk.debug" value="release"/>
    <property name="surefire.test.class.path" value="/home/rizzoli/Documentos/intellijIDEA/exercises/location/target/test-classes:/home/rizzoli/Documentos/intellijIDEA/exercises/location/target/classes:/home/rizzoli/.m2/repository/org/springdoc/springdoc-openapi-starter-webflux-ui/2.2.0/springdoc-openapi-starter-webflux-ui-2.2.0.jar:/home/rizzoli/.m2/repository/org/springdoc/springdoc-openapi-starter-webflux-api/2.2.0/springdoc-openapi-starter-webflux-api-2.2.0.jar:/home/rizzoli/.m2/repository/org/springdoc/springdoc-openapi-starter-common/2.2.0/springdoc-openapi-starter-common-2.2.0.jar:/home/rizzoli/.m2/repository/io/swagger/core/v3/swagger-core-jakarta/2.2.15/swagger-core-jakarta-2.2.15.jar:/home/rizzoli/.m2/repository/org/apache/commons/commons-lang3/3.14.0/commons-lang3-3.14.0.jar:/home/rizzoli/.m2/repository/io/swagger/core/v3/swagger-annotations-jakarta/2.2.15/swagger-annotations-jakarta-2.2.15.jar:/home/rizzoli/.m2/repository/io/swagger/core/v3/swagger-models-jakarta/2.2.15/swagger-models-jakarta-2.2.15.jar:/home/rizzoli/.m2/repository/jakarta/validation/jakarta.validation-api/3.0.2/jakarta.validation-api-3.0.2.jar:/home/rizzoli/.m2/repository/com/fasterxml/jackson/dataformat/jackson-dataformat-yaml/2.17.2/jackson-dataformat-yaml-2.17.2.jar:/home/rizzoli/.m2/repository/org/webjars/swagger-ui/5.2.0/swagger-ui-5.2.0.jar:/home/rizzoli/.m2/repository/io/swagger/core/v3/swagger-annotations/2.2.15/swagger-annotations-2.2.15.jar:/home/rizzoli/.m2/repository/io/github/cdimascio/dotenv-java/3.0.0/dotenv-java-3.0.0.jar:/home/rizzoli/.m2/repository/org/springframework/boot/spring-boot-starter-webflux/3.3.5/spring-boot-starter-webflux-3.3.5.jar:/home/rizzoli/.m2/repository/org/springframework/boot/spring-boot-starter/3.3.5/spring-boot-starter-3.3.5.jar:/home/rizzoli/.m2/repository/org/springframework/boot/spring-boot-starter-logging/3.3.5/spring-boot-starter-logging-3.3.5.jar:/home/rizzoli/.m2/repository/ch/qos/logback/logback-classic/1.5.11/logback-classic-1.5.11.jar:/home/rizzoli/.m2/repository/ch/qos/logback/logback-core/1.5.11/logback-core-1.5.11.jar:/home/rizzoli/.m2/repository/org/apache/logging/log4j/log4j-to-slf4j/2.23.1/log4j-to-slf4j-2.23.1.jar:/home/rizzoli/.m2/repository/org/apache/logging/log4j/log4j-api/2.23.1/log4j-api-2.23.1.jar:/home/rizzoli/.m2/repository/org/slf4j/jul-to-slf4j/2.0.16/jul-to-slf4j-2.0.16.jar:/home/rizzoli/.m2/repository/jakarta/annotation/jakarta.annotation-api/2.1.1/jakarta.annotation-api-2.1.1.jar:/home/rizzoli/.m2/repository/org/yaml/snakeyaml/2.2/snakeyaml-2.2.jar:/home/rizzoli/.m2/repository/org/springframework/boot/spring-boot-starter-json/3.3.5/spring-boot-starter-json-3.3.5.jar:/home/rizzoli/.m2/repository/com/fasterxml/jackson/core/jackson-databind/2.17.2/jackson-databind-2.17.2.jar:/home/rizzoli/.m2/repository/com/fasterxml/jackson/core/jackson-annotations/2.17.2/jackson-annotations-2.17.2.jar:/home/rizzoli/.m2/repository/com/fasterxml/jackson/datatype/jackson-datatype-jdk8/2.17.2/jackson-datatype-jdk8-2.17.2.jar:/home/rizzoli/.m2/repository/com/fasterxml/jackson/datatype/jackson-datatype-jsr310/2.17.2/jackson-datatype-jsr310-2.17.2.jar:/home/rizzoli/.m2/repository/com/fasterxml/jackson/module/jackson-module-parameter-names/2.17.2/jackson-module-parameter-names-2.17.2.jar:/home/rizzoli/.m2/repository/org/springframework/boot/spring-boot-starter-reactor-netty/3.3.5/spring-boot-starter-reactor-netty-3.3.5.jar:/home/rizzoli/.m2/repository/io/projectreactor/netty/reactor-netty-http/1.1.23/reactor-netty-http-1.1.23.jar:/home/rizzoli/.m2/repository/io/netty/netty-codec-http/4.1.114.Final/netty-codec-http-4.1.114.Final.jar:/home/rizzoli/.m2/repository/io/netty/netty-common/4.1.114.Final/netty-common-4.1.114.Final.jar:/home/rizzoli/.m2/repository/io/netty/netty-buffer/4.1.114.Final/netty-buffer-4.1.114.Final.jar:/home/rizzoli/.m2/repository/io/netty/netty-transport/4.1.114.Final/netty-transport-4.1.114.Final.jar:/home/rizzoli/.m2/repository/io/netty/netty-codec/4.1.114.Final/netty-codec-4.1.114.Final.jar:/home/rizzoli/.m2/repository/io/netty/netty-handler/4.1.114.Final/netty-handler-4.1.114.Final.jar:/home/rizzoli/.m2/repository/io/netty/netty-codec-http2/4.1.114.Final/netty-codec-http2-4.1.114.Final.jar:/home/rizzoli/.m2/repository/io/netty/netty-resolver-dns/4.1.114.Final/netty-resolver-dns-4.1.114.Final.jar:/home/rizzoli/.m2/repository/io/netty/netty-resolver/4.1.114.Final/netty-resolver-4.1.114.Final.jar:/home/rizzoli/.m2/repository/io/netty/netty-codec-dns/4.1.114.Final/netty-codec-dns-4.1.114.Final.jar:/home/rizzoli/.m2/repository/io/netty/netty-resolver-dns-native-macos/4.1.114.Final/netty-resolver-dns-native-macos-4.1.114.Final-osx-x86_64.jar:/home/rizzoli/.m2/repository/io/netty/netty-resolver-dns-classes-macos/4.1.114.Final/netty-resolver-dns-classes-macos-4.1.114.Final.jar:/home/rizzoli/.m2/repository/io/netty/netty-transport-native-epoll/4.1.114.Final/netty-transport-native-epoll-4.1.114.Final-linux-x86_64.jar:/home/rizzoli/.m2/repository/io/netty/netty-transport-native-unix-common/4.1.114.Final/netty-transport-native-unix-common-4.1.114.Final.jar:/home/rizzoli/.m2/repository/io/netty/netty-transport-classes-epoll/4.1.114.Final/netty-transport-classes-epoll-4.1.114.Final.jar:/home/rizzoli/.m2/repository/io/projectreactor/netty/reactor-netty-core/1.1.23/reactor-netty-core-1.1.23.jar:/home/rizzoli/.m2/repository/io/netty/netty-handler-proxy/4.1.114.Final/netty-handler-proxy-4.1.114.Final.jar:/home/rizzoli/.m2/repository/io/netty/netty-codec-socks/4.1.114.Final/netty-codec-socks-4.1.114.Final.jar:/home/rizzoli/.m2/repository/org/springframework/spring-web/6.1.14/spring-web-6.1.14.jar:/home/rizzoli/.m2/repository/org/springframework/spring-beans/6.1.14/spring-beans-6.1.14.jar:/home/rizzoli/.m2/repository/io/micrometer/micrometer-observation/1.13.6/micrometer-observation-1.13.6.jar:/home/rizzoli/.m2/repository/io/micrometer/micrometer-commons/1.13.6/micrometer-commons-1.13.6.jar:/home/rizzoli/.m2/repository/org/springframework/spring-webflux/6.1.14/spring-webflux-6.1.14.jar:/home/rizzoli/.m2/repository/org/springframework/boot/spring-boot-starter-data-mongodb-reactive/3.4.1/spring-boot-starter-data-mongodb-reactive-3.4.1.jar:/home/rizzoli/.m2/repository/io/projectreactor/reactor-core/3.6.11/reactor-core-3.6.11.jar:/home/rizzoli/.m2/repository/org/reactivestreams/reactive-streams/1.0.4/reactive-streams-1.0.4.jar:/home/rizzoli/.m2/repository/org/mongodb/mongodb-driver-reactivestreams/5.0.1/mongodb-driver-reactivestreams-5.0.1.jar:/home/rizzoli/.m2/repository/org/mongodb/bson/5.0.1/bson-5.0.1.jar:/home/rizzoli/.m2/repository/org/mongodb/mongodb-driver-core/5.0.1/mongodb-driver-core-5.0.1.jar:/home/rizzoli/.m2/repository/org/mongodb/bson-record-codec/5.0.1/bson-record-codec-5.0.1.jar:/home/rizzoli/.m2/repository/org/springframework/data/spring-data-mongodb/4.3.5/spring-data-mongodb-4.3.5.jar:/home/rizzoli/.m2/repository/org/springframework/spring-tx/6.1.14/spring-tx-6.1.14.jar:/home/rizzoli/.m2/repository/org/springframework/spring-context/6.1.14/spring-context-6.1.14.jar:/home/rizzoli/.m2/repository/org/springframework/spring-aop/6.1.14/spring-aop-6.1.14.jar:/home/rizzoli/.m2/repository/org/springframework/spring-expression/6.1.14/spring-expression-6.1.14.jar:/home/rizzoli/.m2/repository/org/springframework/data/spring-data-commons/3.3.5/spring-data-commons-3.3.5.jar:/home/rizzoli/.m2/repository/org/springframework/boot/spring-boot-devtools/3.3.5/spring-boot-devtools-3.3.5.jar:/home/rizzoli/.m2/repository/org/springframework/boot/spring-boot/3.3.5/spring-boot-3.3.5.jar:/home/rizzoli/.m2/repository/org/springframework/boot/spring-boot-autoconfigure/3.3.5/spring-boot-autoconfigure-3.3.5.jar:/home/rizzoli/.m2/repository/org/projectlombok/lombok/1.18.24/lombok-1.18.24.jar:/home/rizzoli/.m2/repository/com/google/cloud/google-cloud-storage/2.44.1/google-cloud-storage-2.44.1.jar:/home/rizzoli/.m2/repository/com/google/guava/guava/33.3.1-jre/guava-33.3.1-jre.jar:/home/rizzoli/.m2/repository/com/google/guava/failureaccess/1.0.2/failureaccess-1.0.2.jar:/home/rizzoli/.m2/repository/com/google/guava/listenablefuture/9999.0-empty-to-avoid-conflict-with-guava/listenablefuture-9999.0-empty-to-avoid-conflict-with-guava.jar:/home/rizzoli/.m2/repository/com/google/errorprone/error_prone_annotations/2.35.1/error_prone_annotations-2.35.1.jar:/home/rizzoli/.m2/repository/com/google/j2objc/j2objc-annotations/3.0.0/j2objc-annotations-3.0.0.jar:/home/rizzoli/.m2/repository/com/google/http-client/google-http-client/1.45.0/google-http-client-1.45.0.jar:/home/rizzoli/.m2/repository/io/grpc/grpc-context/1.67.1/grpc-context-1.67.1.jar:/home/rizzoli/.m2/repository/io/opencensus/opencensus-contrib-http-util/0.31.1/opencensus-contrib-http-util-0.31.1.jar:/home/rizzoli/.m2/repository/com/google/http-client/google-http-client-jackson2/1.45.0/google-http-client-jackson2-1.45.0.jar:/home/rizzoli/.m2/repository/com/google/http-client/google-http-client-gson/1.45.0/google-http-client-gson-1.45.0.jar:/home/rizzoli/.m2/repository/com/google/api-client/google-api-client/2.7.0/google-api-client-2.7.0.jar:/home/rizzoli/.m2/repository/commons-codec/commons-codec/1.16.1/commons-codec-1.16.1.jar:/home/rizzoli/.m2/repository/com/google/oauth-client/google-oauth-client/1.36.0/google-oauth-client-1.36.0.jar:/home/rizzoli/.m2/repository/com/google/http-client/google-http-client-apache-v2/1.45.0/google-http-client-apache-v2-1.45.0.jar:/home/rizzoli/.m2/repository/com/google/apis/google-api-services-storage/v1-rev20241008-2.0.0/google-api-services-storage-v1-rev20241008-2.0.0.jar:/home/rizzoli/.m2/repository/com/google/code/gson/gson/2.10.1/gson-2.10.1.jar:/home/rizzoli/.m2/repository/com/google/cloud/google-cloud-core/2.47.0/google-cloud-core-2.47.0.jar:/home/rizzoli/.m2/repository/com/google/auto/value/auto-value-annotations/1.11.0/auto-value-annotations-1.11.0.jar:/home/rizzoli/.m2/repository/com/google/cloud/google-cloud-core-http/2.47.0/google-cloud-core-http-2.47.0.jar:/home/rizzoli/.m2/repository/com/google/http-client/google-http-client-appengine/1.45.0/google-http-client-appengine-1.45.0.jar:/home/rizzoli/.m2/repository/com/google/api/gax-httpjson/2.57.0/gax-httpjson-2.57.0.jar:/home/rizzoli/.m2/repository/com/google/cloud/google-cloud-core-grpc/2.47.0/google-cloud-core-grpc-2.47.0.jar:/home/rizzoli/.m2/repository/com/google/api/gax/2.57.0/gax-2.57.0.jar:/home/rizzoli/.m2/repository/com/google/api/gax-grpc/2.57.0/gax-grpc-2.57.0.jar:/home/rizzoli/.m2/repository/io/grpc/grpc-inprocess/1.67.1/grpc-inprocess-1.67.1.jar:/home/rizzoli/.m2/repository/io/grpc/grpc-alts/1.67.1/grpc-alts-1.67.1.jar:/home/rizzoli/.m2/repository/io/grpc/grpc-grpclb/1.67.1/grpc-grpclb-1.67.1.jar:/home/rizzoli/.m2/repository/org/conscrypt/conscrypt-openjdk-uber/2.5.2/conscrypt-openjdk-uber-2.5.2.jar:/home/rizzoli/.m2/repository/io/grpc/grpc-auth/1.67.1/grpc-auth-1.67.1.jar:/home/rizzoli/.m2/repository/com/google/auth/google-auth-library-credentials/1.29.0/google-auth-library-credentials-1.29.0.jar:/home/rizzoli/.m2/repository/com/google/api/api-common/2.40.0/api-common-2.40.0.jar:/home/rizzoli/.m2/repository/javax/annotation/javax.annotation-api/1.3.2/javax.annotation-api-1.3.2.jar:/home/rizzoli/.m2/repository/io/opencensus/opencensus-api/0.31.1/opencensus-api-0.31.1.jar:/home/rizzoli/.m2/repository/com/google/api/grpc/proto-google-iam-v1/1.43.0/proto-google-iam-v1-1.43.0.jar:/home/rizzoli/.m2/repository/com/google/protobuf/protobuf-java/3.25.5/protobuf-java-3.25.5.jar:/home/rizzoli/.m2/repository/com/google/protobuf/protobuf-java-util/3.25.5/protobuf-java-util-3.25.5.jar:/home/rizzoli/.m2/repository/io/grpc/grpc-core/1.67.1/grpc-core-1.67.1.jar:/home/rizzoli/.m2/repository/com/google/android/annotations/4.1.1.4/annotations-4.1.1.4.jar:/home/rizzoli/.m2/repository/org/codehaus/mojo/animal-sniffer-annotations/1.24/animal-sniffer-annotations-1.24.jar:/home/rizzoli/.m2/repository/io/perfmark/perfmark-api/0.27.0/perfmark-api-0.27.0.jar:/home/rizzoli/.m2/repository/io/grpc/grpc-protobuf/1.67.1/grpc-protobuf-1.67.1.jar:/home/rizzoli/.m2/repository/io/grpc/grpc-protobuf-lite/1.67.1/grpc-protobuf-lite-1.67.1.jar:/home/rizzoli/.m2/repository/com/google/api/grpc/proto-google-common-protos/2.48.0/proto-google-common-protos-2.48.0.jar:/home/rizzoli/.m2/repository/org/threeten/threetenbp/1.7.0/threetenbp-1.7.0.jar:/home/rizzoli/.m2/repository/com/google/api/grpc/proto-google-cloud-storage-v2/2.44.1-beta/proto-google-cloud-storage-v2-2.44.1-beta.jar:/home/rizzoli/.m2/repository/com/google/api/grpc/grpc-google-cloud-storage-v2/2.44.1-beta/grpc-google-cloud-storage-v2-2.44.1-beta.jar:/home/rizzoli/.m2/repository/com/google/api/grpc/gapic-google-cloud-storage-v2/2.44.1-beta/gapic-google-cloud-storage-v2-2.44.1-beta.jar:/home/rizzoli/.m2/repository/io/opentelemetry/opentelemetry-sdk/1.37.0/opentelemetry-sdk-1.37.0.jar:/home/rizzoli/.m2/repository/io/opentelemetry/opentelemetry-sdk-trace/1.37.0/opentelemetry-sdk-trace-1.37.0.jar:/home/rizzoli/.m2/repository/io/opentelemetry/opentelemetry-sdk-logs/1.37.0/opentelemetry-sdk-logs-1.37.0.jar:/home/rizzoli/.m2/repository/io/grpc/grpc-opentelemetry/1.67.1/grpc-opentelemetry-1.67.1.jar:/home/rizzoli/.m2/repository/io/opentelemetry/opentelemetry-api/1.37.0/opentelemetry-api-1.37.0.jar:/home/rizzoli/.m2/repository/io/opentelemetry/opentelemetry-context/1.37.0/opentelemetry-context-1.37.0.jar:/home/rizzoli/.m2/repository/io/opentelemetry/opentelemetry-sdk-metrics/1.37.0/opentelemetry-sdk-metrics-1.37.0.jar:/home/rizzoli/.m2/repository/io/opentelemetry/opentelemetry-api-incubator/1.42.1-alpha/opentelemetry-api-incubator-1.42.1-alpha.jar:/home/rizzoli/.m2/repository/io/opentelemetry/opentelemetry-sdk-common/1.37.0/opentelemetry-sdk-common-1.37.0.jar:/home/rizzoli/.m2/repository/io/opentelemetry/opentelemetry-sdk-extension-autoconfigure-spi/1.37.0/opentelemetry-sdk-extension-autoconfigure-spi-1.37.0.jar:/home/rizzoli/.m2/repository/io/opentelemetry/semconv/opentelemetry-semconv/1.25.0-alpha/opentelemetry-semconv-1.25.0-alpha.jar:/home/rizzoli/.m2/repository/com/google/cloud/opentelemetry/exporter-metrics/0.31.0/exporter-metrics-0.31.0.jar:/home/rizzoli/.m2/repository/org/slf4j/slf4j-api/2.0.16/slf4j-api-2.0.16.jar:/home/rizzoli/.m2/repository/com/google/cloud/google-cloud-monitoring/3.31.0/google-cloud-monitoring-3.31.0.jar:/home/rizzoli/.m2/repository/com/google/api/grpc/proto-google-cloud-monitoring-v3/3.31.0/proto-google-cloud-monitoring-v3-3.31.0.jar:/home/rizzoli/.m2/repository/io/opencensus/opencensus-proto/0.2.0/opencensus-proto-0.2.0.jar:/home/rizzoli/.m2/repository/commons-logging/commons-logging/1.2/commons-logging-1.2.jar:/home/rizzoli/.m2/repository/com/google/cloud/opentelemetry/shared-resourcemapping/0.32.0/shared-resourcemapping-0.32.0.jar:/home/rizzoli/.m2/repository/io/opentelemetry/contrib/opentelemetry-gcp-resources/1.37.0-alpha/opentelemetry-gcp-resources-1.37.0-alpha.jar:/home/rizzoli/.m2/repository/com/google/cloud/opentelemetry/detector-resources-support/0.32.0/detector-resources-support-0.32.0.jar:/home/rizzoli/.m2/repository/org/checkerframework/checker-qual/3.47.0/checker-qual-3.47.0.jar:/home/rizzoli/.m2/repository/com/fasterxml/jackson/core/jackson-core/2.17.2/jackson-core-2.17.2.jar:/home/rizzoli/.m2/repository/com/google/code/findbugs/jsr305/3.0.2/jsr305-3.0.2.jar:/home/rizzoli/.m2/repository/io/grpc/grpc-api/1.67.1/grpc-api-1.67.1.jar:/home/rizzoli/.m2/repository/io/grpc/grpc-netty-shaded/1.67.1/grpc-netty-shaded-1.67.1.jar:/home/rizzoli/.m2/repository/io/grpc/grpc-util/1.67.1/grpc-util-1.67.1.jar:/home/rizzoli/.m2/repository/io/grpc/grpc-stub/1.67.1/grpc-stub-1.67.1.jar:/home/rizzoli/.m2/repository/io/grpc/grpc-googleapis/1.67.1/grpc-googleapis-1.67.1.jar:/home/rizzoli/.m2/repository/io/grpc/grpc-xds/1.67.1/grpc-xds-1.67.1.jar:/home/rizzoli/.m2/repository/io/grpc/grpc-services/1.67.1/grpc-services-1.67.1.jar:/home/rizzoli/.m2/repository/com/google/re2j/re2j/1.7/re2j-1.7.jar:/home/rizzoli/.m2/repository/io/grpc/grpc-rls/1.67.1/grpc-rls-1.67.1.jar:/home/rizzoli/.m2/repository/com/google/auth/google-auth-library-oauth2-http/1.14.0/google-auth-library-oauth2-http-1.14.0.jar:/home/rizzoli/.m2/repository/org/springframework/boot/spring-boot-starter-test/3.3.5/spring-boot-starter-test-3.3.5.jar:/home/rizzoli/.m2/repository/org/springframework/boot/spring-boot-test/3.3.5/spring-boot-test-3.3.5.jar:/home/rizzoli/.m2/repository/org/springframework/boot/spring-boot-test-autoconfigure/3.3.5/spring-boot-test-autoconfigure-3.3.5.jar:/home/rizzoli/.m2/repository/com/jayway/jsonpath/json-path/2.9.0/json-path-2.9.0.jar:/home/rizzoli/.m2/repository/jakarta/xml/bind/jakarta.xml.bind-api/4.0.2/jakarta.xml.bind-api-4.0.2.jar:/home/rizzoli/.m2/repository/jakarta/activation/jakarta.activation-api/2.1.3/jakarta.activation-api-2.1.3.jar:/home/rizzoli/.m2/repository/net/minidev/json-smart/2.5.1/json-smart-2.5.1.jar:/home/rizzoli/.m2/repository/net/minidev/accessors-smart/2.5.1/accessors-smart-2.5.1.jar:/home/rizzoli/.m2/repository/org/ow2/asm/asm/9.6/asm-9.6.jar:/home/rizzoli/.m2/repository/org/assertj/assertj-core/3.25.3/assertj-core-3.25.3.jar:/home/rizzoli/.m2/repository/net/bytebuddy/byte-buddy/1.14.19/byte-buddy-1.14.19.jar:/home/rizzoli/.m2/repository/org/awaitility/awaitility/4.2.2/awaitility-4.2.2.jar:/home/rizzoli/.m2/repository/org/hamcrest/hamcrest/2.2/hamcrest-2.2.jar:/home/rizzoli/.m2/repository/org/junit/jupiter/junit-jupiter/5.10.5/junit-jupiter-5.10.5.jar:/home/rizzoli/.m2/repository/org/junit/jupiter/junit-jupiter-api/5.10.5/junit-jupiter-api-5.10.5.jar:/home/rizzoli/.m2/repository/org/opentest4j/opentest4j/1.3.0/opentest4j-1.3.0.jar:/home/rizzoli/.m2/repository/org/junit/platform/junit-platform-commons/1.10.5/junit-platform-commons-1.10.5.jar:/home/rizzoli/.m2/repository/org/apiguardian/apiguardian-api/1.1.2/apiguardian-api-1.1.2.jar:/home/rizzoli/.m2/repository/org/junit/jupiter/junit-jupiter-params/5.10.5/junit-jupiter-params-5.10.5.jar:/home/rizzoli/.m2/repository/org/junit/jupiter/junit-jupiter-engine/5.10.5/junit-jupiter-engine-5.10.5.jar:/home/rizzoli/.m2/repository/org/junit/platform/junit-platform-engine/1.10.5/junit-platform-engine-1.10.5.jar:/home/rizzoli/.m2/repository/org/mockito/mockito-core/5.11.0/mockito-core-5.11.0.jar:/home/rizzoli/.m2/repository/net/bytebuddy/byte-buddy-agent/1.14.19/byte-buddy-agent-1.14.19.jar:/home/rizzoli/.m2/repository/org/objenesis/objenesis/3.3/objenesis-3.3.jar:/home/rizzoli/.m2/repository/org/mockito/mockito-junit-jupiter/5.11.0/mockito-junit-jupiter-5.11.0.jar:/home/rizzoli/.m2/repository/org/skyscreamer/jsonassert/1.5.3/jsonassert-1.5.3.jar:/home/rizzoli/.m2/repository/com/vaadin/external/google/android-json/0.0.20131108.vaadin1/android-json-0.0.20131108.vaadin1.jar:/home/rizzoli/.m2/repository/org/springframework/spring-core/6.1.14/spring-core-6.1.14.jar:/home/rizzoli/.m2/repository/org/springframework/spring-jcl/6.1.14/spring-jcl-6.1.14.jar:/home/rizzoli/.m2/repository/org/springframework/spring-test/6.1.14/spring-test-6.1.14.jar:/home/rizzoli/.m2/repository/org/xmlunit/xmlunit-core/2.9.1/xmlunit-core-2.9.1.jar:/home/rizzoli/.m2/repository/io/projectreactor/reactor-test/3.6.11/reactor-test-3.6.11.jar:"/>
    <property name="sun.cpu.endian" value="little"/>
    <property name="user.home" value="/home/rizzoli"/>
    <property name="user.language" value="es"/>
    <property name="java.specification.vendor" value="Oracle Corporation"/>
    <property name="java.version.date" value="2024-07-16"/>
    <property name="java.home" value="/home/rizzoli/.sdkman/candidates/java/17.0.12-zulu"/>
    <property name="file.separator" value="/"/>
    <property name="basedir" value="/home/rizzoli/Documentos/intellijIDEA/exercises/location"/>
    <property name="java.vm.compressedOopsMode" value="Zero based"/>
    <property name="line.separator" value="&#10;"/>
    <property name="java.specification.name" value="Java Platform API Specification"/>
    <property name="java.vm.specification.vendor" value="Oracle Corporation"/>
    <property name="FILE_LOG_CHARSET" value="UTF-8"/>
    <property name="java.awt.headless" value="true"/>
    <property name="surefire.real.class.path" value="/home/rizzoli/Documentos/intellijIDEA/exercises/location/target/surefire/surefirebooter-20250416195047407_3.jar"/>
    <property name="sun.management.compiler" value="HotSpot 64-Bit Tiered Compilers"/>
    <property name="java.runtime.version" value="17.0.12+7-LTS"/>
    <property name="user.name" value="rizzoli"/>
    <property name="path.separator" value=":"/>
    <property name="os.version" value="5.4.0-212-generic"/>
    <property name="java.runtime.name" value="OpenJDK Runtime Environment"/>
    <property name="file.encoding" value="UTF-8"/>
    <property name="java.vm.name" value="OpenJDK 64-Bit Server VM"/>
    <property name="java.vendor.version" value="Zulu17.52+17-CA"/>
    <property name="localRepository" value="/home/rizzoli/.m2/repository"/>
    <property name="java.vendor.url.bug" value="http://www.azul.com/support/"/>
    <property name="java.io.tmpdir" value="/tmp"/>
    <property name="idea.version" value="2024.3.1.1"/>
    <property name="java.version" value="17.0.12"/>
    <property name="user.dir" value="/home/rizzoli/Documentos/intellijIDEA/exercises/location"/>
    <property name="os.arch" value="amd64"/>
    <property name="java.vm.specification.name" value="Java Virtual Machine Specification"/>
    <property name="PID" value="38662"/>
    <property name="CONSOLE_LOG_CHARSET" value="UTF-8"/>
    <property name="native.encoding" value="UTF-8"/>
    <property name="java.library.path" value="/usr/java/packages/lib:/usr/lib64:/lib64:/lib:/usr/lib"/>
    <property name="java.vm.info" value="mixed mode, sharing"/>
    <property name="java.vendor" value="Azul Systems, Inc."/>
    <property name="java.vm.version" value="17.0.12+7-LTS"/>
    <property name="sun.io.unicode.encoding" value="UnicodeLittle"/>
    <property name="java.class.version" value="61.0"/>
    <property name="LOGGED_APPLICATION_NAME" value="[location] "/>
  </properties>
  <testcase name="contextLoads" classname="com.deity.location.LocationApplicationTests" time="1.068">
    <system-out><![CDATA[Standard Commons Logging discovery in action with spring-jcl: please remove commons-logging.jar from classpath in order to avoid potential conflicts
19:50:48.556 [main] INFO org.springframework.test.context.support.AnnotationConfigContextLoaderUtils -- Could not detect default configuration classes for test class [com.deity.location.LocationApplicationTests]: LocationApplicationTests does not declare any static, non-private, non-final, nested classes annotated with @Configuration.
19:50:48.701 [main] INFO org.springframework.boot.test.context.SpringBootTestContextBootstrapper -- Found @SpringBootConfiguration com.deity.location.LocationApplication for test class com.deity.location.LocationApplicationTests
19:50:48.926 [main] INFO org.springframework.boot.devtools.restart.RestartApplicationListener -- Restart disabled due to context in which it is running

  .   ____          _            __ _ _
 /\\ / ___'_ __ _ _(_)_ __  __ _ \ \ \ \
( ( )\___ | '_ | '_| | '_ \/ _` | \ \ \ \
 \\/  ___)| |_)| | | | | || (_| |  ) ) ) )
  '  |____| .__|_| |_|_| |_\__, | / / / /
 =========|_|==============|___/=/_/_/_/

 :: Spring Boot ::                (v3.3.5)

2025-04-16T19:50:49.275-05:00  INFO 38662 --- [location] [           main] c.d.location.LocationApplicationTests    : Starting LocationApplicationTests using Java 17.0.12 with PID 38662 (started by rizzoli in /home/rizzoli/Documentos/intellijIDEA/exercises/location)
2025-04-16T19:50:49.278-05:00  INFO 38662 --- [location] [           main] c.d.location.LocationApplicationTests    : The following 1 profile is active: "dev"
2025-04-16T19:50:50.346-05:00  INFO 38662 --- [location] [           main] .s.d.r.c.RepositoryConfigurationDelegate : Bootstrapping Spring Data Reactive MongoDB repositories in DEFAULT mode.
2025-04-16T19:50:50.529-05:00  INFO 38662 --- [location] [           main] .s.d.r.c.RepositoryConfigurationDelegate : Finished Spring Data repository scanning in 177 ms. Found 1 Reactive MongoDB repository interface.
2025-04-16T19:50:51.424-05:00  INFO 38662 --- [location] [           main] org.mongodb.driver.client                : MongoClient with metadata {"driver": {"name": "mongo-java-driver|reactive-streams", "version": "5.0.1"}, "os": {"type": "Linux", "name": "Linux", "architecture": "amd64", "version": "5.4.0-212-generic"}, "platform": "Java/Azul Systems, Inc./17.0.12+7-LTS"} created with settings MongoClientSettings{readPreference=primary, writeConcern=WriteConcern{w=majority, wTimeout=null ms, journal=null}, retryWrites=true, retryReads=true, readConcern=ReadConcern{level=null}, credential=MongoCredential{mechanism=null, userName='santiagobetancur', source='admin', password=<hidden>, mechanismProperties=<hidden>}, transportSettings=null, commandListeners=[], codecRegistry=ProvidersCodecRegistry{codecProviders=[ValueCodecProvider{}, BsonValueCodecProvider{}, DBRefCodecProvider{}, DBObjectCodecProvider{}, DocumentCodecProvider{}, CollectionCodecProvider{}, IterableCodecProvider{}, MapCodecProvider{}, GeoJsonCodecProvider{}, GridFSFileCodecProvider{}, Jsr310CodecProvider{}, JsonObjectCodecProvider{}, BsonCodecProvider{}, EnumCodecProvider{}, com.mongodb.client.model.mql.ExpressionCodecProvider@1f78d415, com.mongodb.Jep395RecordCodecProvider@1c046c92, com.mongodb.KotlinCodecProvider@27960b1e]}, loggerSettings=LoggerSettings{maxDocumentLength=1000}, clusterSettings={hosts=[127.0.0.1:27017], srvHost=cluster0.jdaqd.mongodb.net, srvServiceName=mongodb, mode=MULTIPLE, requiredClusterType=REPLICA_SET, requiredReplicaSetName='atlas-g95fge-shard-0', serverSelector='null', clusterListeners='[]', serverSelectionTimeout='30000 ms', localThreshold='15 ms'}, socketSettings=SocketSettings{connectTimeoutMS=10000, readTimeoutMS=0, receiveBufferSize=0, proxySettings=ProxySettings{host=null, port=null, username=null, password=null}}, heartbeatSocketSettings=SocketSettings{connectTimeoutMS=10000, readTimeoutMS=10000, receiveBufferSize=0, proxySettings=ProxySettings{host=null, port=null, username=null, password=null}}, connectionPoolSettings=ConnectionPoolSettings{maxSize=100, minSize=0, maxWaitTimeMS=120000, maxConnectionLifeTimeMS=0, maxConnectionIdleTimeMS=0, maintenanceInitialDelayMS=0, maintenanceFrequencyMS=60000, connectionPoolListeners=[], maxConnecting=2}, serverSettings=ServerSettings{heartbeatFrequencyMS=10000, minHeartbeatFrequencyMS=500, serverListeners='[]', serverMonitorListeners='[]'}, sslSettings=SslSettings{enabled=true, invalidHostNameAllowed=false, context=null}, applicationName='null', compressorList=[], uuidRepresentation=UNSPECIFIED, serverApi=null, autoEncryptionSettings=null, dnsClient=null, inetAddressResolver=null, contextProvider=null}
2025-04-16T19:50:51.470-05:00  INFO 38662 --- [location] [aqd.mongodb.net] org.mongodb.driver.cluster               : Adding discovered server cluster0-shard-00-02.jdaqd.mongodb.net:27017 to client view of cluster
2025-04-16T19:50:51.551-05:00  INFO 38662 --- [location] [aqd.mongodb.net] org.mongodb.driver.cluster               : Adding discovered server cluster0-shard-00-00.jdaqd.mongodb.net:27017 to client view of cluster
2025-04-16T19:50:51.576-05:00  INFO 38662 --- [location] [aqd.mongodb.net] org.mongodb.driver.cluster               : Adding discovered server cluster0-shard-00-01.jdaqd.mongodb.net:27017 to client view of cluster
2025-04-16T19:50:52.778-05:00  INFO 38662 --- [location] [ngodb.net:27017] org.mongodb.driver.cluster               : Monitor thread successfully connected to server with description ServerDescription{address=cluster0-shard-00-00.jdaqd.mongodb.net:27017, type=REPLICA_SET_SECONDARY, state=CONNECTED, ok=true, minWireVersion=0, maxWireVersion=25, maxDocumentSize=16777216, logicalSessionTimeoutMinutes=30, roundTripTimeNanos=385916870, setName='atlas-g95fge-shard-0', canonicalAddress=cluster0-shard-00-00.jdaqd.mongodb.net:27017, hosts=[cluster0-shard-00-00.jdaqd.mongodb.net:27017, cluster0-shard-00-01.jdaqd.mongodb.net:27017, cluster0-shard-00-02.jdaqd.mongodb.net:27017], passives=[], arbiters=[], primary='cluster0-shard-00-01.jdaqd.mongodb.net:27017', tagSet=TagSet{[Tag{name='availabilityZone', value='use1-az1'}, Tag{name='diskState', value='READY'}, Tag{name='nodeType', value='ELECTABLE'}, Tag{name='provider', value='AWS'}, Tag{name='region', value='US_EAST_1'}, Tag{name='workloadType', value='OPERATIONAL'}]}, electionId=null, setVersion=205, topologyVersion=TopologyVersion{processId=67f53d545d55030b837c1d59, counter=4}, lastWriteDate=Wed Apr 16 19:50:52 COT 2025, lastUpdateTimeNanos=14212056503752}
2025-04-16T19:50:52.779-05:00  INFO 38662 --- [location] [ngodb.net:27017] org.mongodb.driver.cluster               : Monitor thread successfully connected to server with description ServerDescription{address=cluster0-shard-00-01.jdaqd.mongodb.net:27017, type=REPLICA_SET_PRIMARY, state=CONNECTED, ok=true, minWireVersion=0, maxWireVersion=25, maxDocumentSize=16777216, logicalSessionTimeoutMinutes=30, roundTripTimeNanos=381828212, setName='atlas-g95fge-shard-0', canonicalAddress=cluster0-shard-00-01.jdaqd.mongodb.net:27017, hosts=[cluster0-shard-00-00.jdaqd.mongodb.net:27017, cluster0-shard-00-01.jdaqd.mongodb.net:27017, cluster0-shard-00-02.jdaqd.mongodb.net:27017], passives=[], arbiters=[], primary='cluster0-shard-00-01.jdaqd.mongodb.net:27017', tagSet=TagSet{[Tag{name='availabilityZone', value='use1-az2'}, Tag{name='diskState', value='READY'}, Tag{name='nodeType', value='ELECTABLE'}, Tag{name='provider', value='AWS'}, Tag{name='region', value='US_EAST_1'}, Tag{name='workloadType', value='OPERATIONAL'}]}, electionId=7fffffff000000000000047c, setVersion=205, topologyVersion=TopologyVersion{processId=67f540780261c082b3344c0f, counter=6}, lastWriteDate=Wed Apr 16 19:50:52 COT 2025, lastUpdateTimeNanos=14212066301320}
2025-04-16T19:50:52.782-05:00  INFO 38662 --- [location] [ngodb.net:27017] org.mongodb.driver.cluster               : Monitor thread successfully connected to server with description ServerDescription{address=cluster0-shard-00-02.jdaqd.mongodb.net:27017, type=REPLICA_SET_SECONDARY, state=CONNECTED, ok=true, minWireVersion=0, maxWireVersion=25, maxDocumentSize=16777216, logicalSessionTimeoutMinutes=30, roundTripTimeNanos=363560913, setName='atlas-g95fge-shard-0', canonicalAddress=cluster0-shard-00-02.jdaqd.mongodb.net:27017, hosts=[cluster0-shard-00-00.jdaqd.mongodb.net:27017, cluster0-shard-00-01.jdaqd.mongodb.net:27017, cluster0-shard-00-02.jdaqd.mongodb.net:27017], passives=[], arbiters=[], primary='cluster0-shard-00-01.jdaqd.mongodb.net:27017', tagSet=TagSet{[Tag{name='availabilityZone', value='use1-az4'}, Tag{name='diskState', value='READY'}, Tag{name='nodeType', value='ELECTABLE'}, Tag{name='provider', value='AWS'}, Tag{name='region', value='US_EAST_1'}, Tag{name='workloadType', value='OPERATIONAL'}]}, electionId=null, setVersion=205, topologyVersion=TopologyVersion{processId=67f544a7746b8146eccf4fee, counter=3}, lastWriteDate=Wed Apr 16 19:50:52 COT 2025, lastUpdateTimeNanos=14212047661448}
2025-04-16T19:50:52.787-05:00  INFO 38662 --- [location] [ngodb.net:27017] org.mongodb.driver.cluster               : Discovered replica set primary cluster0-shard-00-01.jdaqd.mongodb.net:27017 with max election id 7fffffff000000000000047c and max set version 205
2025-04-16T19:50:53.644-05:00  INFO 38662 --- [location] [           main] c.d.location.service.GCPStorageService   : Conexión exitosa. Objetos en el bucket.: 9
2025-04-16T19:50:54.513-05:00  INFO 38662 --- [location] [           main] c.d.location.LocationApplicationTests    : Started LocationApplicationTests in 5.605 seconds (process running for 6.956)
]]></system-out>
  </testcase>
</testsuite>