<?xml version="1.0" encoding="UTF-8"?>
<testsuite xmlns:xsi="http://www.w3.org/2001/XMLSchema-instance" xsi:noNamespaceSchemaLocation="https://maven.apache.org/surefire/maven-surefire-plugin/xsd/surefire-test-report.xsd" version="3.0.2" name="com.deity.location.LocationApplicationTests" time="4.434" tests="1" errors="0" skipped="0" failures="0">
  <properties>
    <property name="java.specification.version" value="17"/>
    <property name="sun.jnu.encoding" value="UTF-8"/>
    <property name="java.class.path" value="/home/rizzoli/Documentos/intellijIDEA/exercises/location/target/test-classes:/home/rizzoli/Documentos/intellijIDEA/exercises/location/target/classes:/home/rizzoli/.m2/repository/org/springframework/boot/spring-boot-starter-webflux/3.4.0/spring-boot-starter-webflux-3.4.0.jar:/home/rizzoli/.m2/repository/org/springframework/boot/spring-boot-starter/3.4.0/spring-boot-starter-3.4.0.jar:/home/rizzoli/.m2/repository/org/springframework/boot/spring-boot-starter-logging/3.4.0/spring-boot-starter-logging-3.4.0.jar:/home/rizzoli/.m2/repository/ch/qos/logback/logback-classic/1.5.12/logback-classic-1.5.12.jar:/home/rizzoli/.m2/repository/ch/qos/logback/logback-core/1.5.12/logback-core-1.5.12.jar:/home/rizzoli/.m2/repository/org/apache/logging/log4j/log4j-to-slf4j/2.24.1/log4j-to-slf4j-2.24.1.jar:/home/rizzoli/.m2/repository/org/apache/logging/log4j/log4j-api/2.24.1/log4j-api-2.24.1.jar:/home/rizzoli/.m2/repository/org/slf4j/jul-to-slf4j/2.0.16/jul-to-slf4j-2.0.16.jar:/home/rizzoli/.m2/repository/jakarta/annotation/jakarta.annotation-api/2.1.1/jakarta.annotation-api-2.1.1.jar:/home/rizzoli/.m2/repository/org/yaml/snakeyaml/2.3/snakeyaml-2.3.jar:/home/rizzoli/.m2/repository/org/springframework/boot/spring-boot-starter-json/3.4.0/spring-boot-starter-json-3.4.0.jar:/home/rizzoli/.m2/repository/com/fasterxml/jackson/core/jackson-databind/2.18.1/jackson-databind-2.18.1.jar:/home/rizzoli/.m2/repository/com/fasterxml/jackson/core/jackson-annotations/2.18.1/jackson-annotations-2.18.1.jar:/home/rizzoli/.m2/repository/com/fasterxml/jackson/core/jackson-core/2.18.1/jackson-core-2.18.1.jar:/home/rizzoli/.m2/repository/com/fasterxml/jackson/datatype/jackson-datatype-jdk8/2.18.1/jackson-datatype-jdk8-2.18.1.jar:/home/rizzoli/.m2/repository/com/fasterxml/jackson/datatype/jackson-datatype-jsr310/2.18.1/jackson-datatype-jsr310-2.18.1.jar:/home/rizzoli/.m2/repository/com/fasterxml/jackson/module/jackson-module-parameter-names/2.18.1/jackson-module-parameter-names-2.18.1.jar:/home/rizzoli/.m2/repository/org/springframework/boot/spring-boot-starter-reactor-netty/3.4.0/spring-boot-starter-reactor-netty-3.4.0.jar:/home/rizzoli/.m2/repository/io/projectreactor/netty/reactor-netty-http/1.2.0/reactor-netty-http-1.2.0.jar:/home/rizzoli/.m2/repository/io/netty/netty-codec-http/4.1.115.Final/netty-codec-http-4.1.115.Final.jar:/home/rizzoli/.m2/repository/io/netty/netty-common/4.1.115.Final/netty-common-4.1.115.Final.jar:/home/rizzoli/.m2/repository/io/netty/netty-buffer/4.1.115.Final/netty-buffer-4.1.115.Final.jar:/home/rizzoli/.m2/repository/io/netty/netty-transport/4.1.115.Final/netty-transport-4.1.115.Final.jar:/home/rizzoli/.m2/repository/io/netty/netty-codec/4.1.115.Final/netty-codec-4.1.115.Final.jar:/home/rizzoli/.m2/repository/io/netty/netty-handler/4.1.115.Final/netty-handler-4.1.115.Final.jar:/home/rizzoli/.m2/repository/io/netty/netty-codec-http2/4.1.115.Final/netty-codec-http2-4.1.115.Final.jar:/home/rizzoli/.m2/repository/io/netty/netty-resolver-dns/4.1.115.Final/netty-resolver-dns-4.1.115.Final.jar:/home/rizzoli/.m2/repository/io/netty/netty-resolver/4.1.115.Final/netty-resolver-4.1.115.Final.jar:/home/rizzoli/.m2/repository/io/netty/netty-codec-dns/4.1.115.Final/netty-codec-dns-4.1.115.Final.jar:/home/rizzoli/.m2/repository/io/netty/netty-resolver-dns-native-macos/4.1.115.Final/netty-resolver-dns-native-macos-4.1.115.Final-osx-x86_64.jar:/home/rizzoli/.m2/repository/io/netty/netty-resolver-dns-classes-macos/4.1.115.Final/netty-resolver-dns-classes-macos-4.1.115.Final.jar:/home/rizzoli/.m2/repository/io/netty/netty-transport-native-epoll/4.1.115.Final/netty-transport-native-epoll-4.1.115.Final-linux-x86_64.jar:/home/rizzoli/.m2/repository/io/netty/netty-transport-native-unix-common/4.1.115.Final/netty-transport-native-unix-common-4.1.115.Final.jar:/home/rizzoli/.m2/repository/io/netty/netty-transport-classes-epoll/4.1.115.Final/netty-transport-classes-epoll-4.1.115.Final.jar:/home/rizzoli/.m2/repository/io/projectreactor/netty/reactor-netty-core/1.2.0/reactor-netty-core-1.2.0.jar:/home/rizzoli/.m2/repository/io/netty/netty-handler-proxy/4.1.115.Final/netty-handler-proxy-4.1.115.Final.jar:/home/rizzoli/.m2/repository/io/netty/netty-codec-socks/4.1.115.Final/netty-codec-socks-4.1.115.Final.jar:/home/rizzoli/.m2/repository/org/springframework/spring-web/6.2.0/spring-web-6.2.0.jar:/home/rizzoli/.m2/repository/org/springframework/spring-beans/6.2.0/spring-beans-6.2.0.jar:/home/rizzoli/.m2/repository/io/micrometer/micrometer-observation/1.14.1/micrometer-observation-1.14.1.jar:/home/rizzoli/.m2/repository/io/micrometer/micrometer-commons/1.14.1/micrometer-commons-1.14.1.jar:/home/rizzoli/.m2/repository/org/springframework/spring-webflux/6.2.0/spring-webflux-6.2.0.jar:/home/rizzoli/.m2/repository/org/springframework/boot/spring-boot-starter-data-mongodb-reactive/3.4.0/spring-boot-starter-data-mongodb-reactive-3.4.0.jar:/home/rizzoli/.m2/repository/io/projectreactor/reactor-core/3.7.0/reactor-core-3.7.0.jar:/home/rizzoli/.m2/repository/org/reactivestreams/reactive-streams/1.0.4/reactive-streams-1.0.4.jar:/home/rizzoli/.m2/repository/org/mongodb/mongodb-driver-reactivestreams/5.2.1/mongodb-driver-reactivestreams-5.2.1.jar:/home/rizzoli/.m2/repository/org/mongodb/bson/5.2.1/bson-5.2.1.jar:/home/rizzoli/.m2/repository/org/mongodb/mongodb-driver-core/5.2.1/mongodb-driver-core-5.2.1.jar:/home/rizzoli/.m2/repository/org/mongodb/bson-record-codec/5.2.1/bson-record-codec-5.2.1.jar:/home/rizzoli/.m2/repository/org/springframework/data/spring-data-mongodb/4.4.0/spring-data-mongodb-4.4.0.jar:/home/rizzoli/.m2/repository/org/springframework/spring-tx/6.2.0/spring-tx-6.2.0.jar:/home/rizzoli/.m2/repository/org/springframework/spring-context/6.2.0/spring-context-6.2.0.jar:/home/rizzoli/.m2/repository/org/springframework/spring-aop/6.2.0/spring-aop-6.2.0.jar:/home/rizzoli/.m2/repository/org/springframework/spring-expression/6.2.0/spring-expression-6.2.0.jar:/home/rizzoli/.m2/repository/org/springframework/data/spring-data-commons/3.4.0/spring-data-commons-3.4.0.jar:/home/rizzoli/.m2/repository/org/slf4j/slf4j-api/2.0.16/slf4j-api-2.0.16.jar:/home/rizzoli/.m2/repository/org/springframework/boot/spring-boot-devtools/3.4.0/spring-boot-devtools-3.4.0.jar:/home/rizzoli/.m2/repository/org/springframework/boot/spring-boot/3.4.0/spring-boot-3.4.0.jar:/home/rizzoli/.m2/repository/org/springframework/boot/spring-boot-autoconfigure/3.4.0/spring-boot-autoconfigure-3.4.0.jar:/home/rizzoli/.m2/repository/org/projectlombok/lombok/1.18.24/lombok-1.18.24.jar:/home/rizzoli/.m2/repository/org/springframework/boot/spring-boot-starter-test/3.4.0/spring-boot-starter-test-3.4.0.jar:/home/rizzoli/.m2/repository/org/springframework/boot/spring-boot-test/3.4.0/spring-boot-test-3.4.0.jar:/home/rizzoli/.m2/repository/org/springframework/boot/spring-boot-test-autoconfigure/3.4.0/spring-boot-test-autoconfigure-3.4.0.jar:/home/rizzoli/.m2/repository/com/jayway/jsonpath/json-path/2.9.0/json-path-2.9.0.jar:/home/rizzoli/.m2/repository/jakarta/xml/bind/jakarta.xml.bind-api/4.0.2/jakarta.xml.bind-api-4.0.2.jar:/home/rizzoli/.m2/repository/jakarta/activation/jakarta.activation-api/2.1.3/jakarta.activation-api-2.1.3.jar:/home/rizzoli/.m2/repository/net/minidev/json-smart/2.5.1/json-smart-2.5.1.jar:/home/rizzoli/.m2/repository/net/minidev/accessors-smart/2.5.1/accessors-smart-2.5.1.jar:/home/rizzoli/.m2/repository/org/ow2/asm/asm/9.6/asm-9.6.jar:/home/rizzoli/.m2/repository/org/assertj/assertj-core/3.26.3/assertj-core-3.26.3.jar:/home/rizzoli/.m2/repository/net/bytebuddy/byte-buddy/1.15.10/byte-buddy-1.15.10.jar:/home/rizzoli/.m2/repository/org/awaitility/awaitility/4.2.2/awaitility-4.2.2.jar:/home/rizzoli/.m2/repository/org/hamcrest/hamcrest/2.2/hamcrest-2.2.jar:/home/rizzoli/.m2/repository/org/junit/jupiter/junit-jupiter/5.11.3/junit-jupiter-5.11.3.jar:/home/rizzoli/.m2/repository/org/junit/jupiter/junit-jupiter-api/5.11.3/junit-jupiter-api-5.11.3.jar:/home/rizzoli/.m2/repository/org/opentest4j/opentest4j/1.3.0/opentest4j-1.3.0.jar:/home/rizzoli/.m2/repository/org/junit/platform/junit-platform-commons/1.11.3/junit-platform-commons-1.11.3.jar:/home/rizzoli/.m2/repository/org/apiguardian/apiguardian-api/1.1.2/apiguardian-api-1.1.2.jar:/home/rizzoli/.m2/repository/org/junit/jupiter/junit-jupiter-params/5.11.3/junit-jupiter-params-5.11.3.jar:/home/rizzoli/.m2/repository/org/junit/jupiter/junit-jupiter-engine/5.11.3/junit-jupiter-engine-5.11.3.jar:/home/rizzoli/.m2/repository/org/junit/platform/junit-platform-engine/1.11.3/junit-platform-engine-1.11.3.jar:/home/rizzoli/.m2/repository/org/mockito/mockito-core/5.14.2/mockito-core-5.14.2.jar:/home/rizzoli/.m2/repository/net/bytebuddy/byte-buddy-agent/1.15.10/byte-buddy-agent-1.15.10.jar:/home/rizzoli/.m2/repository/org/objenesis/objenesis/3.3/objenesis-3.3.jar:/home/rizzoli/.m2/repository/org/mockito/mockito-junit-jupiter/5.14.2/mockito-junit-jupiter-5.14.2.jar:/home/rizzoli/.m2/repository/org/skyscreamer/jsonassert/1.5.3/jsonassert-1.5.3.jar:/home/rizzoli/.m2/repository/com/vaadin/external/google/android-json/0.0.20131108.vaadin1/android-json-0.0.20131108.vaadin1.jar:/home/rizzoli/.m2/repository/org/springframework/spring-core/6.2.0/spring-core-6.2.0.jar:/home/rizzoli/.m2/repository/org/springframework/spring-jcl/6.2.0/spring-jcl-6.2.0.jar:/home/rizzoli/.m2/repository/org/springframework/spring-test/6.2.0/spring-test-6.2.0.jar:/home/rizzoli/.m2/repository/org/xmlunit/xmlunit-core/2.10.0/xmlunit-core-2.10.0.jar:/home/rizzoli/.m2/repository/io/projectreactor/reactor-test/3.7.0/reactor-test-3.7.0.jar:"/>
    <property name="java.vm.vendor" value="Azul Systems, Inc."/>
    <property name="sun.arch.data.model" value="64"/>
    <property name="java.vendor.url" value="http://www.azul.com/"/>
    <property name="user.timezone" value="America/Bogota"/>
    <property name="os.name" value="Linux"/>
    <property name="java.vm.specification.version" value="17"/>
    <property name="APPLICATION_NAME" value="location"/>
    <property name="sun.java.launcher" value="SUN_STANDARD"/>
    <property name="user.country" value="CO"/>
    <property name="sun.boot.library.path" value="/home/rizzoli/.sdkman/candidates/java/17.0.12-zulu/lib"/>
    <property name="sun.java.command" value="/home/rizzoli/Documentos/intellijIDEA/exercises/location/target/surefire/surefirebooter-20241227185954252_3.jar /home/rizzoli/Documentos/intellijIDEA/exercises/location/target/surefire 2024-12-27T18-59-54_141-jvmRun1 surefire-20241227185954252_1tmp surefire_0-20241227185954252_2tmp"/>
    <property name="jdk.debug" value="release"/>
    <property name="surefire.test.class.path" value="/home/rizzoli/Documentos/intellijIDEA/exercises/location/target/test-classes:/home/rizzoli/Documentos/intellijIDEA/exercises/location/target/classes:/home/rizzoli/.m2/repository/org/springframework/boot/spring-boot-starter-webflux/3.4.0/spring-boot-starter-webflux-3.4.0.jar:/home/rizzoli/.m2/repository/org/springframework/boot/spring-boot-starter/3.4.0/spring-boot-starter-3.4.0.jar:/home/rizzoli/.m2/repository/org/springframework/boot/spring-boot-starter-logging/3.4.0/spring-boot-starter-logging-3.4.0.jar:/home/rizzoli/.m2/repository/ch/qos/logback/logback-classic/1.5.12/logback-classic-1.5.12.jar:/home/rizzoli/.m2/repository/ch/qos/logback/logback-core/1.5.12/logback-core-1.5.12.jar:/home/rizzoli/.m2/repository/org/apache/logging/log4j/log4j-to-slf4j/2.24.1/log4j-to-slf4j-2.24.1.jar:/home/rizzoli/.m2/repository/org/apache/logging/log4j/log4j-api/2.24.1/log4j-api-2.24.1.jar:/home/rizzoli/.m2/repository/org/slf4j/jul-to-slf4j/2.0.16/jul-to-slf4j-2.0.16.jar:/home/rizzoli/.m2/repository/jakarta/annotation/jakarta.annotation-api/2.1.1/jakarta.annotation-api-2.1.1.jar:/home/rizzoli/.m2/repository/org/yaml/snakeyaml/2.3/snakeyaml-2.3.jar:/home/rizzoli/.m2/repository/org/springframework/boot/spring-boot-starter-json/3.4.0/spring-boot-starter-json-3.4.0.jar:/home/rizzoli/.m2/repository/com/fasterxml/jackson/core/jackson-databind/2.18.1/jackson-databind-2.18.1.jar:/home/rizzoli/.m2/repository/com/fasterxml/jackson/core/jackson-annotations/2.18.1/jackson-annotations-2.18.1.jar:/home/rizzoli/.m2/repository/com/fasterxml/jackson/core/jackson-core/2.18.1/jackson-core-2.18.1.jar:/home/rizzoli/.m2/repository/com/fasterxml/jackson/datatype/jackson-datatype-jdk8/2.18.1/jackson-datatype-jdk8-2.18.1.jar:/home/rizzoli/.m2/repository/com/fasterxml/jackson/datatype/jackson-datatype-jsr310/2.18.1/jackson-datatype-jsr310-2.18.1.jar:/home/rizzoli/.m2/repository/com/fasterxml/jackson/module/jackson-module-parameter-names/2.18.1/jackson-module-parameter-names-2.18.1.jar:/home/rizzoli/.m2/repository/org/springframework/boot/spring-boot-starter-reactor-netty/3.4.0/spring-boot-starter-reactor-netty-3.4.0.jar:/home/rizzoli/.m2/repository/io/projectreactor/netty/reactor-netty-http/1.2.0/reactor-netty-http-1.2.0.jar:/home/rizzoli/.m2/repository/io/netty/netty-codec-http/4.1.115.Final/netty-codec-http-4.1.115.Final.jar:/home/rizzoli/.m2/repository/io/netty/netty-common/4.1.115.Final/netty-common-4.1.115.Final.jar:/home/rizzoli/.m2/repository/io/netty/netty-buffer/4.1.115.Final/netty-buffer-4.1.115.Final.jar:/home/rizzoli/.m2/repository/io/netty/netty-transport/4.1.115.Final/netty-transport-4.1.115.Final.jar:/home/rizzoli/.m2/repository/io/netty/netty-codec/4.1.115.Final/netty-codec-4.1.115.Final.jar:/home/rizzoli/.m2/repository/io/netty/netty-handler/4.1.115.Final/netty-handler-4.1.115.Final.jar:/home/rizzoli/.m2/repository/io/netty/netty-codec-http2/4.1.115.Final/netty-codec-http2-4.1.115.Final.jar:/home/rizzoli/.m2/repository/io/netty/netty-resolver-dns/4.1.115.Final/netty-resolver-dns-4.1.115.Final.jar:/home/rizzoli/.m2/repository/io/netty/netty-resolver/4.1.115.Final/netty-resolver-4.1.115.Final.jar:/home/rizzoli/.m2/repository/io/netty/netty-codec-dns/4.1.115.Final/netty-codec-dns-4.1.115.Final.jar:/home/rizzoli/.m2/repository/io/netty/netty-resolver-dns-native-macos/4.1.115.Final/netty-resolver-dns-native-macos-4.1.115.Final-osx-x86_64.jar:/home/rizzoli/.m2/repository/io/netty/netty-resolver-dns-classes-macos/4.1.115.Final/netty-resolver-dns-classes-macos-4.1.115.Final.jar:/home/rizzoli/.m2/repository/io/netty/netty-transport-native-epoll/4.1.115.Final/netty-transport-native-epoll-4.1.115.Final-linux-x86_64.jar:/home/rizzoli/.m2/repository/io/netty/netty-transport-native-unix-common/4.1.115.Final/netty-transport-native-unix-common-4.1.115.Final.jar:/home/rizzoli/.m2/repository/io/netty/netty-transport-classes-epoll/4.1.115.Final/netty-transport-classes-epoll-4.1.115.Final.jar:/home/rizzoli/.m2/repository/io/projectreactor/netty/reactor-netty-core/1.2.0/reactor-netty-core-1.2.0.jar:/home/rizzoli/.m2/repository/io/netty/netty-handler-proxy/4.1.115.Final/netty-handler-proxy-4.1.115.Final.jar:/home/rizzoli/.m2/repository/io/netty/netty-codec-socks/4.1.115.Final/netty-codec-socks-4.1.115.Final.jar:/home/rizzoli/.m2/repository/org/springframework/spring-web/6.2.0/spring-web-6.2.0.jar:/home/rizzoli/.m2/repository/org/springframework/spring-beans/6.2.0/spring-beans-6.2.0.jar:/home/rizzoli/.m2/repository/io/micrometer/micrometer-observation/1.14.1/micrometer-observation-1.14.1.jar:/home/rizzoli/.m2/repository/io/micrometer/micrometer-commons/1.14.1/micrometer-commons-1.14.1.jar:/home/rizzoli/.m2/repository/org/springframework/spring-webflux/6.2.0/spring-webflux-6.2.0.jar:/home/rizzoli/.m2/repository/org/springframework/boot/spring-boot-starter-data-mongodb-reactive/3.4.0/spring-boot-starter-data-mongodb-reactive-3.4.0.jar:/home/rizzoli/.m2/repository/io/projectreactor/reactor-core/3.7.0/reactor-core-3.7.0.jar:/home/rizzoli/.m2/repository/org/reactivestreams/reactive-streams/1.0.4/reactive-streams-1.0.4.jar:/home/rizzoli/.m2/repository/org/mongodb/mongodb-driver-reactivestreams/5.2.1/mongodb-driver-reactivestreams-5.2.1.jar:/home/rizzoli/.m2/repository/org/mongodb/bson/5.2.1/bson-5.2.1.jar:/home/rizzoli/.m2/repository/org/mongodb/mongodb-driver-core/5.2.1/mongodb-driver-core-5.2.1.jar:/home/rizzoli/.m2/repository/org/mongodb/bson-record-codec/5.2.1/bson-record-codec-5.2.1.jar:/home/rizzoli/.m2/repository/org/springframework/data/spring-data-mongodb/4.4.0/spring-data-mongodb-4.4.0.jar:/home/rizzoli/.m2/repository/org/springframework/spring-tx/6.2.0/spring-tx-6.2.0.jar:/home/rizzoli/.m2/repository/org/springframework/spring-context/6.2.0/spring-context-6.2.0.jar:/home/rizzoli/.m2/repository/org/springframework/spring-aop/6.2.0/spring-aop-6.2.0.jar:/home/rizzoli/.m2/repository/org/springframework/spring-expression/6.2.0/spring-expression-6.2.0.jar:/home/rizzoli/.m2/repository/org/springframework/data/spring-data-commons/3.4.0/spring-data-commons-3.4.0.jar:/home/rizzoli/.m2/repository/org/slf4j/slf4j-api/2.0.16/slf4j-api-2.0.16.jar:/home/rizzoli/.m2/repository/org/springframework/boot/spring-boot-devtools/3.4.0/spring-boot-devtools-3.4.0.jar:/home/rizzoli/.m2/repository/org/springframework/boot/spring-boot/3.4.0/spring-boot-3.4.0.jar:/home/rizzoli/.m2/repository/org/springframework/boot/spring-boot-autoconfigure/3.4.0/spring-boot-autoconfigure-3.4.0.jar:/home/rizzoli/.m2/repository/org/projectlombok/lombok/1.18.24/lombok-1.18.24.jar:/home/rizzoli/.m2/repository/org/springframework/boot/spring-boot-starter-test/3.4.0/spring-boot-starter-test-3.4.0.jar:/home/rizzoli/.m2/repository/org/springframework/boot/spring-boot-test/3.4.0/spring-boot-test-3.4.0.jar:/home/rizzoli/.m2/repository/org/springframework/boot/spring-boot-test-autoconfigure/3.4.0/spring-boot-test-autoconfigure-3.4.0.jar:/home/rizzoli/.m2/repository/com/jayway/jsonpath/json-path/2.9.0/json-path-2.9.0.jar:/home/rizzoli/.m2/repository/jakarta/xml/bind/jakarta.xml.bind-api/4.0.2/jakarta.xml.bind-api-4.0.2.jar:/home/rizzoli/.m2/repository/jakarta/activation/jakarta.activation-api/2.1.3/jakarta.activation-api-2.1.3.jar:/home/rizzoli/.m2/repository/net/minidev/json-smart/2.5.1/json-smart-2.5.1.jar:/home/rizzoli/.m2/repository/net/minidev/accessors-smart/2.5.1/accessors-smart-2.5.1.jar:/home/rizzoli/.m2/repository/org/ow2/asm/asm/9.6/asm-9.6.jar:/home/rizzoli/.m2/repository/org/assertj/assertj-core/3.26.3/assertj-core-3.26.3.jar:/home/rizzoli/.m2/repository/net/bytebuddy/byte-buddy/1.15.10/byte-buddy-1.15.10.jar:/home/rizzoli/.m2/repository/org/awaitility/awaitility/4.2.2/awaitility-4.2.2.jar:/home/rizzoli/.m2/repository/org/hamcrest/hamcrest/2.2/hamcrest-2.2.jar:/home/rizzoli/.m2/repository/org/junit/jupiter/junit-jupiter/5.11.3/junit-jupiter-5.11.3.jar:/home/rizzoli/.m2/repository/org/junit/jupiter/junit-jupiter-api/5.11.3/junit-jupiter-api-5.11.3.jar:/home/rizzoli/.m2/repository/org/opentest4j/opentest4j/1.3.0/opentest4j-1.3.0.jar:/home/rizzoli/.m2/repository/org/junit/platform/junit-platform-commons/1.11.3/junit-platform-commons-1.11.3.jar:/home/rizzoli/.m2/repository/org/apiguardian/apiguardian-api/1.1.2/apiguardian-api-1.1.2.jar:/home/rizzoli/.m2/repository/org/junit/jupiter/junit-jupiter-params/5.11.3/junit-jupiter-params-5.11.3.jar:/home/rizzoli/.m2/repository/org/junit/jupiter/junit-jupiter-engine/5.11.3/junit-jupiter-engine-5.11.3.jar:/home/rizzoli/.m2/repository/org/junit/platform/junit-platform-engine/1.11.3/junit-platform-engine-1.11.3.jar:/home/rizzoli/.m2/repository/org/mockito/mockito-core/5.14.2/mockito-core-5.14.2.jar:/home/rizzoli/.m2/repository/net/bytebuddy/byte-buddy-agent/1.15.10/byte-buddy-agent-1.15.10.jar:/home/rizzoli/.m2/repository/org/objenesis/objenesis/3.3/objenesis-3.3.jar:/home/rizzoli/.m2/repository/org/mockito/mockito-junit-jupiter/5.14.2/mockito-junit-jupiter-5.14.2.jar:/home/rizzoli/.m2/repository/org/skyscreamer/jsonassert/1.5.3/jsonassert-1.5.3.jar:/home/rizzoli/.m2/repository/com/vaadin/external/google/android-json/0.0.20131108.vaadin1/android-json-0.0.20131108.vaadin1.jar:/home/rizzoli/.m2/repository/org/springframework/spring-core/6.2.0/spring-core-6.2.0.jar:/home/rizzoli/.m2/repository/org/springframework/spring-jcl/6.2.0/spring-jcl-6.2.0.jar:/home/rizzoli/.m2/repository/org/springframework/spring-test/6.2.0/spring-test-6.2.0.jar:/home/rizzoli/.m2/repository/org/xmlunit/xmlunit-core/2.10.0/xmlunit-core-2.10.0.jar:/home/rizzoli/.m2/repository/io/projectreactor/reactor-test/3.7.0/reactor-test-3.7.0.jar:"/>
    <property name="sun.cpu.endian" value="little"/>
    <property name="user.home" value="/home/rizzoli"/>
    <property name="user.language" value="es"/>
    <property name="java.specification.vendor" value="Oracle Corporation"/>
    <property name="java.version.date" value="2024-07-16"/>
    <property name="java.home" value="/home/rizzoli/.sdkman/candidates/java/17.0.12-zulu"/>
    <property name="file.separator" value="/"/>
    <property name="basedir" value="/home/rizzoli/Documentos/intellijIDEA/exercises/location"/>
    <property name="java.vm.compressedOopsMode" value="Zero based"/>
    <property name="line.separator" value="&#10;"/>
    <property name="java.specification.name" value="Java Platform API Specification"/>
    <property name="java.vm.specification.vendor" value="Oracle Corporation"/>
    <property name="FILE_LOG_CHARSET" value="UTF-8"/>
    <property name="java.awt.headless" value="true"/>
    <property name="surefire.real.class.path" value="/home/rizzoli/Documentos/intellijIDEA/exercises/location/target/surefire/surefirebooter-20241227185954252_3.jar"/>
    <property name="sun.management.compiler" value="HotSpot 64-Bit Tiered Compilers"/>
    <property name="java.runtime.version" value="17.0.12+7-LTS"/>
    <property name="user.name" value="rizzoli"/>
    <property name="path.separator" value=":"/>
    <property name="os.version" value="5.4.0-204-generic"/>
    <property name="java.runtime.name" value="OpenJDK Runtime Environment"/>
    <property name="file.encoding" value="UTF-8"/>
    <property name="java.vm.name" value="OpenJDK 64-Bit Server VM"/>
    <property name="java.vendor.version" value="Zulu17.52+17-CA"/>
    <property name="localRepository" value="/home/rizzoli/.m2/repository"/>
    <property name="java.vendor.url.bug" value="http://www.azul.com/support/"/>
    <property name="java.io.tmpdir" value="/tmp"/>
    <property name="java.version" value="17.0.12"/>
    <property name="user.dir" value="/home/rizzoli/Documentos/intellijIDEA/exercises/location"/>
    <property name="os.arch" value="amd64"/>
    <property name="java.vm.specification.name" value="Java Virtual Machine Specification"/>
    <property name="PID" value="100046"/>
    <property name="CONSOLE_LOG_CHARSET" value="UTF-8"/>
    <property name="native.encoding" value="UTF-8"/>
    <property name="java.library.path" value="/usr/java/packages/lib:/usr/lib64:/lib64:/lib:/usr/lib"/>
    <property name="java.vm.info" value="mixed mode, sharing"/>
    <property name="java.vendor" value="Azul Systems, Inc."/>
    <property name="java.vm.version" value="17.0.12+7-LTS"/>
    <property name="sun.io.unicode.encoding" value="UnicodeLittle"/>
    <property name="java.class.version" value="61.0"/>
    <property name="LOGGED_APPLICATION_NAME" value="[location] "/>
  </properties>
  <testcase name="contextLoads" classname="com.deity.location.LocationApplicationTests" time="0.88">
    <system-out><![CDATA[18:59:55.215 [main] INFO org.springframework.test.context.support.AnnotationConfigContextLoaderUtils -- Could not detect default configuration classes for test class [com.deity.location.LocationApplicationTests]: LocationApplicationTests does not declare any static, non-private, non-final, nested classes annotated with @Configuration.
18:59:55.362 [main] INFO org.springframework.boot.test.context.SpringBootTestContextBootstrapper -- Found @SpringBootConfiguration com.deity.location.LocationApplication for test class com.deity.location.LocationApplicationTests
18:59:55.585 [main] INFO org.springframework.boot.devtools.restart.RestartApplicationListener -- Restart disabled due to context in which it is running

  .   ____          _            __ _ _
 /\\ / ___'_ __ _ _(_)_ __  __ _ \ \ \ \
( ( )\___ | '_ | '_| | '_ \/ _` | \ \ \ \
 \\/  ___)| |_)| | | | | || (_| |  ) ) ) )
  '  |____| .__|_| |_|_| |_\__, | / / / /
 =========|_|==============|___/=/_/_/_/

 :: Spring Boot ::                (v3.4.0)

2024-12-27T18:59:55.957-05:00  INFO 100046 --- [location] [           main] c.d.location.LocationApplicationTests    : Starting LocationApplicationTests using Java 17.0.12 with PID 100046 (started by rizzoli in /home/rizzoli/Documentos/intellijIDEA/exercises/location)
2024-12-27T18:59:55.960-05:00  INFO 100046 --- [location] [           main] c.d.location.LocationApplicationTests    : No active profile set, falling back to 1 default profile: "default"
2024-12-27T18:59:56.747-05:00  INFO 100046 --- [location] [           main] .s.d.r.c.RepositoryConfigurationDelegate : Bootstrapping Spring Data Reactive MongoDB repositories in DEFAULT mode.
2024-12-27T18:59:56.905-05:00  INFO 100046 --- [location] [           main] .s.d.r.c.RepositoryConfigurationDelegate : Finished Spring Data repository scanning in 150 ms. Found 1 Reactive MongoDB repository interface.
2024-12-27T18:59:57.629-05:00  INFO 100046 --- [location] [           main] org.mongodb.driver.client                : MongoClient with metadata {"driver": {"name": "mongo-java-driver|reactive-streams|spring-boot", "version": "5.2.1"}, "os": {"type": "Linux", "name": "Linux", "architecture": "amd64", "version": "5.4.0-204-generic"}, "platform": "Java/Azul Systems, Inc./17.0.12+7-LTS"} created with settings MongoClientSettings{readPreference=primary, writeConcern=WriteConcern{w=null, wTimeout=null ms, journal=null}, retryWrites=true, retryReads=true, readConcern=ReadConcern{level=null}, credential=null, transportSettings=NettyTransportSettings{eventLoopGroup=io.netty.channel.nio.NioEventLoopGroup@7792d851, socketChannelClass=null, allocator=null, sslContext=null}, commandListeners=[], codecRegistry=ProvidersCodecRegistry{codecProviders=[ValueCodecProvider{}, BsonValueCodecProvider{}, DBRefCodecProvider{}, DBObjectCodecProvider{}, DocumentCodecProvider{}, CollectionCodecProvider{}, IterableCodecProvider{}, MapCodecProvider{}, GeoJsonCodecProvider{}, GridFSFileCodecProvider{}, Jsr310CodecProvider{}, JsonObjectCodecProvider{}, BsonCodecProvider{}, EnumCodecProvider{}, com.mongodb.client.model.mql.ExpressionCodecProvider@5cd96b41, com.mongodb.Jep395RecordCodecProvider@7e1ffe70, com.mongodb.KotlinCodecProvider@73041b7d]}, loggerSettings=LoggerSettings{maxDocumentLength=1000}, clusterSettings={hosts=[localhost:27017], srvServiceName=mongodb, mode=SINGLE, requiredClusterType=UNKNOWN, requiredReplicaSetName='null', serverSelector='null', clusterListeners='[]', serverSelectionTimeout='30000 ms', localThreshold='15 ms'}, socketSettings=SocketSettings{connectTimeoutMS=10000, readTimeoutMS=0, receiveBufferSize=0, proxySettings=ProxySettings{host=null, port=null, username=null, password=null}}, heartbeatSocketSettings=SocketSettings{connectTimeoutMS=10000, readTimeoutMS=10000, receiveBufferSize=0, proxySettings=ProxySettings{host=null, port=null, username=null, password=null}}, connectionPoolSettings=ConnectionPoolSettings{maxSize=100, minSize=0, maxWaitTimeMS=120000, maxConnectionLifeTimeMS=0, maxConnectionIdleTimeMS=0, maintenanceInitialDelayMS=0, maintenanceFrequencyMS=60000, connectionPoolListeners=[], maxConnecting=2}, serverSettings=ServerSettings{heartbeatFrequencyMS=10000, minHeartbeatFrequencyMS=500, serverMonitoringMode=AUTO, serverListeners='[]', serverMonitorListeners='[]'}, sslSettings=SslSettings{enabled=false, invalidHostNameAllowed=false, context=null}, applicationName='null', compressorList=[], uuidRepresentation=JAVA_LEGACY, serverApi=null, autoEncryptionSettings=null, dnsClient=null, inetAddressResolver=null, contextProvider=null, timeoutMS=null}
2024-12-27T18:59:57.835-05:00  INFO 100046 --- [location] [localhost:27017] org.mongodb.driver.cluster               : Monitor thread successfully connected to server with description ServerDescription{address=localhost:27017, type=STANDALONE, cryptd=false, state=CONNECTED, ok=true, minWireVersion=0, maxWireVersion=25, maxDocumentSize=16777216, logicalSessionTimeoutMinutes=30, roundTripTimeNanos=89294748, minRoundTripTimeNanos=0}
2024-12-27T18:59:58.546-05:00  INFO 100046 --- [location] [           main] c.d.location.LocationApplicationTests    : Started LocationApplicationTests in 2.977 seconds (process running for 4.217)
]]></system-out>
  </testcase>
</testsuite>